# JRE version: OpenJDK Runtime Environment Temurin-17.0.14+7 (17.0.14+7) (build 17.0.14+7)
# Java VM: OpenJDK 64-Bit Server VM Temurin-17.0.14+7 (17.0.14+7, mixed mode, tiered, compressed oops, compressed class ptrs, g1 gc, windows-amd64)
GC Precious Log:
 CPUs: 4 total, 4 available
 Memory: 16383M
 Large Page Support: Disabled
 NUMA Support: Disabled
 Compressed Oops: Enabled (32-bit)
 Heap Region Size: 1M
 Heap Min Capacity: 8M
 Heap Initial Capacity: 256M
 Heap Max Capacity: 2G
 Pre-touch: Disabled
 Parallel Workers: 4
 Concurrent Workers: 1
 Concurrent Refinement Workers: 4
 Periodic GC: Disabled
Heap:
 garbage-first heap   total 105472K, used 75714K [0x0000000080000000, 0x0000000100000000)
  region size 1024K, 34 young (34816K), 5 survivors (5120K)
 Metaspace       used 59795K, committed 60672K, reserved 1114112K
  class space    used 6675K, committed 7104K, reserved 1048576K
GC Heap History (20 events):
Event: 6.944 GC heap before
{Heap before GC invocations=11 (full 0):
 garbage-first heap   total 105472K, used 80094K [0x0000000080000000, 0x0000000100000000)
  region size 1024K, 53 young (54272K), 1 survivors (1024K)
 Metaspace       used 33701K, committed 34112K, reserved 1114112K
  class space    used 3646K, committed 3840K, reserved 1048576K
}
Event: 6.950 GC heap after
{Heap after GC invocations=12 (full 0):
 garbage-first heap   total 105472K, used 28801K [0x0000000080000000, 0x0000000100000000)
  region size 1024K, 3 young (3072K), 3 survivors (3072K)
 Metaspace       used 33701K, committed 34112K, reserved 1114112K
  class space    used 3646K, committed 3840K, reserved 1048576K
}
Event: 7.552 GC heap before
{Heap before GC invocations=12 (full 0):
 garbage-first heap   total 105472K, used 68737K [0x0000000080000000, 0x0000000100000000)
  region size 1024K, 43 young (44032K), 3 survivors (3072K)
 Metaspace       used 35552K, committed 35968K, reserved 1114112K
  class space    used 3827K, committed 4032K, reserved 1048576K
}
Event: 7.560 GC heap after
{Heap after GC invocations=13 (full 0):
 garbage-first heap   total 105472K, used 31765K [0x0000000080000000, 0x0000000100000000)
  region size 1024K, 6 young (6144K), 6 survivors (6144K)
 Metaspace       used 35552K, committed 35968K, reserved 1114112K
  class space    used 3827K, committed 4032K, reserved 1048576K
}
Event: 8.691 GC heap before
{Heap before GC invocations=14 (full 0):
 garbage-first heap   total 105472K, used 82965K [0x0000000080000000, 0x0000000100000000)
  region size 1024K, 56 young (57344K), 6 survivors (6144K)
 Metaspace       used 41104K, committed 41600K, reserved 1114112K
  class space    used 4415K, committed 4608K, reserved 1048576K
}
Event: 8.702 GC heap after
{Heap after GC invocations=15 (full 0):
 garbage-first heap   total 105472K, used 34686K [0x0000000080000000, 0x0000000100000000)
  region size 1024K, 6 young (6144K), 6 survivors (6144K)
 Metaspace       used 41104K, committed 41600K, reserved 1114112K
  class space    used 4415K, committed 4608K, reserved 1048576K
}
Event: 10.208 GC heap before
{Heap before GC invocations=15 (full 0):
 garbage-first heap   total 105472K, used 82814K [0x0000000080000000, 0x0000000100000000)
  region size 1024K, 53 young (54272K), 6 survivors (6144K)
 Metaspace       used 44972K, committed 45504K, reserved 1114112K
  class space    used 4781K, committed 4992K, reserved 1048576K
}
Event: 10.222 GC heap after
{Heap after GC invocations=16 (full 0):
 garbage-first heap   total 105472K, used 37760K [0x0000000080000000, 0x0000000100000000)
  region size 1024K, 6 young (6144K), 6 survivors (6144K)
 Metaspace       used 44972K, committed 45504K, reserved 1114112K
  class space    used 4781K, committed 4992K, reserved 1048576K
}
Event: 11.376 GC heap before
{Heap before GC invocations=16 (full 0):
 garbage-first heap   total 105472K, used 83840K [0x0000000080000000, 0x0000000100000000)
  region size 1024K, 51 young (52224K), 6 survivors (6144K)
 Metaspace       used 48177K, committed 48832K, reserved 1114112K
  class space    used 5215K, committed 5504K, reserved 1048576K
}
Event: 11.386 GC heap after
{Heap after GC invocations=17 (full 0):
 garbage-first heap   total 105472K, used 39344K [0x0000000080000000, 0x0000000100000000)
  region size 1024K, 5 young (5120K), 5 survivors (5120K)
 Metaspace       used 48177K, committed 48832K, reserved 1114112K
  class space    used 5215K, committed 5504K, reserved 1048576K
}
Event: 13.598 GC heap before
{Heap before GC invocations=17 (full 0):
 garbage-first heap   total 105472K, used 84400K [0x0000000080000000, 0x0000000100000000)
  region size 1024K, 49 young (50176K), 5 survivors (5120K)
 Metaspace       used 48736K, committed 49408K, reserved 1114112K
  class space    used 5222K, committed 5568K, reserved 1048576K
}
Event: 13.605 GC heap after
{Heap after GC invocations=18 (full 0):
 garbage-first heap   total 105472K, used 39785K [0x0000000080000000, 0x0000000100000000)
  region size 1024K, 3 young (3072K), 3 survivors (3072K)
 Metaspace       used 48736K, committed 49408K, reserved 1114112K
  class space    used 5222K, committed 5568K, reserved 1048576K
}
Event: 13.944 GC heap before
{Heap before GC invocations=18 (full 0):
 garbage-first heap   total 105472K, used 84841K [0x0000000080000000, 0x0000000100000000)
  region size 1024K, 47 young (48128K), 3 survivors (3072K)
 Metaspace       used 49111K, committed 49792K, reserved 1114112K
  class space    used 5238K, committed 5568K, reserved 1048576K
}
Event: 13.950 GC heap after
{Heap after GC invocations=19 (full 0):
 garbage-first heap   total 105472K, used 40165K [0x0000000080000000, 0x0000000100000000)
  region size 1024K, 3 young (3072K), 3 survivors (3072K)
 Metaspace       used 49111K, committed 49792K, reserved 1114112K
  class space    used 5238K, committed 5568K, reserved 1048576K
}
Event: 14.997 GC heap before
{Heap before GC invocations=19 (full 0):
 garbage-first heap   total 105472K, used 86245K [0x0000000080000000, 0x0000000100000000)
  region size 1024K, 48 young (49152K), 3 survivors (3072K)
 Metaspace       used 50368K, committed 51136K, reserved 1114112K
  class space    used 5392K, committed 5760K, reserved 1048576K
}
Event: 15.006 GC heap after
{Heap after GC invocations=20 (full 0):
 garbage-first heap   total 105472K, used 42626K [0x0000000080000000, 0x0000000100000000)
  region size 1024K, 6 young (6144K), 6 survivors (6144K)
 Metaspace       used 50368K, committed 51136K, reserved 1114112K
  class space    used 5392K, committed 5760K, reserved 1048576K
}
Event: 25.566 GC heap before
{Heap before GC invocations=20 (full 0):
 garbage-first heap   total 105472K, used 85634K [0x0000000080000000, 0x0000000100000000)
  region size 1024K, 48 young (49152K), 6 survivors (6144K)
 Metaspace       used 58306K, committed 59136K, reserved 1114112K
  class space    used 6504K, committed 6912K, reserved 1048576K
}
Event: 25.578 GC heap after
{Heap after GC invocations=21 (full 0):
 garbage-first heap   total 105472K, used 45730K [0x0000000080000000, 0x0000000100000000)
  region size 1024K, 6 young (6144K), 6 survivors (6144K)
 Metaspace       used 58306K, committed 59136K, reserved 1114112K
  class space    used 6504K, committed 6912K, reserved 1048576K
}
Event: 29.097 GC heap before
{Heap before GC invocations=21 (full 0):
 garbage-first heap   total 105472K, used 74402K [0x0000000080000000, 0x0000000100000000)
  region size 1024K, 35 young (35840K), 6 survivors (6144K)
 Metaspace       used 59367K, committed 60160K, reserved 1114112K
  class space    used 6639K, committed 7040K, reserved 1048576K
}
Event: 29.106 GC heap after
{Heap after GC invocations=22 (full 0):
 garbage-first heap   total 105472K, used 47042K [0x0000000080000000, 0x0000000100000000)
  region size 1024K, 5 young (5120K), 5 survivors (5120K)
 Metaspace       used 59367K, committed 60160K, reserved 1114112K
  class space    used 6639K, committed 7040K, reserved 1048576K
}

