# JRE version: OpenJDK Runtime Environment Temurin-17.0.14+7 (17.0.14+7) (build 17.0.14+7)
# Java VM: OpenJDK 64-Bit Server VM Temurin-17.0.14+7 (17.0.14+7, mixed mode, tiered, compressed oops, compressed class ptrs, g1 gc, windows-amd64)
GC Precious Log:
 CPUs: 4 total, 4 available
 Memory: 16383M
 Large Page Support: Disabled
 NUMA Support: Disabled
 Compressed Oops: Enabled (32-bit)
 Heap Region Size: 1M
 Heap Min Capacity: 8M
 Heap Initial Capacity: 256M
 Heap Max Capacity: 2G
 Pre-touch: Disabled
 Parallel Workers: 4
 Concurrent Workers: 1
 Concurrent Refinement Workers: 4
 Periodic GC: Disabled
Heap:
 garbage-first heap   total 119808K, used 81008K [0x0000000080000000, 0x0000000100000000)
  region size 1024K, 34 young (34816K), 4 survivors (4096K)
 Metaspace       used 63902K, committed 65024K, reserved 1114112K
  class space    used 7010K, committed 7552K, reserved 1048576K
GC Heap History (20 events):
Event: 131.791 GC heap before
{Heap before GC invocations=33 (full 0):
 garbage-first heap   total 119808K, used 101989K [0x0000000080000000, 0x0000000100000000)
  region size 1024K, 56 young (57344K), 3 survivors (3072K)
 Metaspace       used 61571K, committed 62464K, reserved 1114112K
  class space    used 6793K, committed 7232K, reserved 1048576K
}
Event: 131.796 GC heap after
{Heap after GC invocations=34 (full 0):
 garbage-first heap   total 119808K, used 48738K [0x0000000080000000, 0x0000000100000000)
  region size 1024K, 3 young (3072K), 3 survivors (3072K)
 Metaspace       used 61571K, committed 62464K, reserved 1114112K
  class space    used 6793K, committed 7232K, reserved 1048576K
}
Event: 135.845 GC heap before
{Heap before GC invocations=34 (full 0):
 garbage-first heap   total 119808K, used 101986K [0x0000000080000000, 0x0000000100000000)
  region size 1024K, 56 young (57344K), 3 survivors (3072K)
 Metaspace       used 61571K, committed 62464K, reserved 1114112K
  class space    used 6793K, committed 7232K, reserved 1048576K
}
Event: 135.849 GC heap after
{Heap after GC invocations=35 (full 0):
 garbage-first heap   total 119808K, used 48738K [0x0000000080000000, 0x0000000100000000)
  region size 1024K, 3 young (3072K), 3 survivors (3072K)
 Metaspace       used 61571K, committed 62464K, reserved 1114112K
  class space    used 6793K, committed 7232K, reserved 1048576K
}
Event: 140.009 GC heap before
{Heap before GC invocations=35 (full 0):
 garbage-first heap   total 119808K, used 101986K [0x0000000080000000, 0x0000000100000000)
  region size 1024K, 56 young (57344K), 3 survivors (3072K)
 Metaspace       used 61571K, committed 62464K, reserved 1114112K
  class space    used 6793K, committed 7232K, reserved 1048576K
}
Event: 140.014 GC heap after
{Heap after GC invocations=36 (full 0):
 garbage-first heap   total 119808K, used 48738K [0x0000000080000000, 0x0000000100000000)
  region size 1024K, 3 young (3072K), 3 survivors (3072K)
 Metaspace       used 61571K, committed 62464K, reserved 1114112K
  class space    used 6793K, committed 7232K, reserved 1048576K
}
Event: 145.118 GC heap before
{Heap before GC invocations=36 (full 0):
 garbage-first heap   total 119808K, used 101986K [0x0000000080000000, 0x0000000100000000)
  region size 1024K, 56 young (57344K), 3 survivors (3072K)
 Metaspace       used 61680K, committed 62592K, reserved 1114112K
  class space    used 6799K, committed 7232K, reserved 1048576K
}
Event: 145.124 GC heap after
{Heap after GC invocations=37 (full 0):
 garbage-first heap   total 119808K, used 48771K [0x0000000080000000, 0x0000000100000000)
  region size 1024K, 3 young (3072K), 3 survivors (3072K)
 Metaspace       used 61680K, committed 62592K, reserved 1114112K
  class space    used 6799K, committed 7232K, reserved 1048576K
}
Event: 151.410 GC heap before
{Heap before GC invocations=37 (full 0):
 garbage-first heap   total 119808K, used 102019K [0x0000000080000000, 0x0000000100000000)
  region size 1024K, 56 young (57344K), 3 survivors (3072K)
 Metaspace       used 61680K, committed 62592K, reserved 1114112K
  class space    used 6799K, committed 7232K, reserved 1048576K
}
Event: 151.415 GC heap after
{Heap after GC invocations=38 (full 0):
 garbage-first heap   total 119808K, used 48968K [0x0000000080000000, 0x0000000100000000)
  region size 1024K, 3 young (3072K), 3 survivors (3072K)
 Metaspace       used 61680K, committed 62592K, reserved 1114112K
  class space    used 6799K, committed 7232K, reserved 1048576K
}
Event: 152.892 GC heap before
{Heap before GC invocations=38 (full 0):
 garbage-first heap   total 119808K, used 102216K [0x0000000080000000, 0x0000000100000000)
  region size 1024K, 56 young (57344K), 3 survivors (3072K)
 Metaspace       used 63118K, committed 64064K, reserved 1114112K
  class space    used 6975K, committed 7424K, reserved 1048576K
}
Event: 152.900 GC heap after
{Heap after GC invocations=39 (full 0):
 garbage-first heap   total 119808K, used 50232K [0x0000000080000000, 0x0000000100000000)
  region size 1024K, 4 young (4096K), 4 survivors (4096K)
 Metaspace       used 63118K, committed 64064K, reserved 1114112K
  class space    used 6975K, committed 7424K, reserved 1048576K
}
Event: 154.401 GC heap before
{Heap before GC invocations=39 (full 0):
 garbage-first heap   total 119808K, used 102456K [0x0000000080000000, 0x0000000100000000)
  region size 1024K, 55 young (56320K), 4 survivors (4096K)
 Metaspace       used 63371K, committed 64384K, reserved 1114112K
  class space    used 6986K, committed 7488K, reserved 1048576K
}
Event: 154.408 GC heap after
{Heap after GC invocations=40 (full 0):
 garbage-first heap   total 119808K, used 50317K [0x0000000080000000, 0x0000000100000000)
  region size 1024K, 4 young (4096K), 4 survivors (4096K)
 Metaspace       used 63371K, committed 64384K, reserved 1114112K
  class space    used 6986K, committed 7488K, reserved 1048576K
}
Event: 155.205 GC heap before
{Heap before GC invocations=40 (full 0):
 garbage-first heap   total 119808K, used 102541K [0x0000000080000000, 0x0000000100000000)
  region size 1024K, 55 young (56320K), 4 survivors (4096K)
 Metaspace       used 63565K, committed 64576K, reserved 1114112K
  class space    used 6997K, committed 7488K, reserved 1048576K
}
Event: 155.212 GC heap after
{Heap after GC invocations=41 (full 0):
 garbage-first heap   total 119808K, used 50289K [0x0000000080000000, 0x0000000100000000)
  region size 1024K, 3 young (3072K), 3 survivors (3072K)
 Metaspace       used 63565K, committed 64576K, reserved 1114112K
  class space    used 6997K, committed 7488K, reserved 1048576K
}
Event: 156.178 GC heap before
{Heap before GC invocations=41 (full 0):
 garbage-first heap   total 119808K, used 103537K [0x0000000080000000, 0x0000000100000000)
  region size 1024K, 55 young (56320K), 3 survivors (3072K)
 Metaspace       used 63721K, committed 64768K, reserved 1114112K
  class space    used 7006K, committed 7488K, reserved 1048576K
}
Event: 156.185 GC heap after
{Heap after GC invocations=42 (full 0):
 garbage-first heap   total 119808K, used 51415K [0x0000000080000000, 0x0000000100000000)
  region size 1024K, 4 young (4096K), 4 survivors (4096K)
 Metaspace       used 63721K, committed 64768K, reserved 1114112K
  class space    used 7006K, committed 7488K, reserved 1048576K
}
Event: 156.815 GC heap before
{Heap before GC invocations=42 (full 0):
 garbage-first heap   total 119808K, used 102615K [0x0000000080000000, 0x0000000100000000)
  region size 1024K, 54 young (55296K), 4 survivors (4096K)
 Metaspace       used 63830K, committed 64960K, reserved 1114112K
  class space    used 7008K, committed 7552K, reserved 1048576K
}
Event: 156.822 GC heap after
{Heap after GC invocations=43 (full 0):
 garbage-first heap   total 119808K, used 51312K [0x0000000080000000, 0x0000000100000000)
  region size 1024K, 4 young (4096K), 4 survivors (4096K)
 Metaspace       used 63830K, committed 64960K, reserved 1114112K
  class space    used 7008K, committed 7552K, reserved 1048576K
}

