# JRE version: OpenJDK Runtime Environment Temurin-17.0.14+7 (17.0.14+7) (build 17.0.14+7)
# Java VM: OpenJDK 64-Bit Server VM Temurin-17.0.14+7 (17.0.14+7, mixed mode, tiered, compressed oops, compressed class ptrs, g1 gc, windows-amd64)
GC Precious Log:
 CPUs: 4 total, 4 available
 Memory: 16383M
 Large Page Support: Disabled
 NUMA Support: Disabled
 Compressed Oops: Enabled (32-bit)
 Heap Region Size: 1M
 Heap Min Capacity: 8M
 Heap Initial Capacity: 256M
 Heap Max Capacity: 2G
 Pre-touch: Disabled
 Parallel Workers: 4
 Concurrent Workers: 1
 Concurrent Refinement Workers: 4
 Periodic GC: Disabled
Heap:
 garbage-first heap   total 119808K, used 92763K [0x0000000080000000, 0x0000000100000000)
  region size 1024K, 37 young (37888K), 1 survivors (1024K)
 Metaspace       used 64232K, committed 65344K, reserved 1114112K
  class space    used 7019K, committed 7552K, reserved 1048576K
GC Heap History (20 events):
Event: 201.263 GC heap before
{Heap before GC invocations=44 (full 0):
 garbage-first heap   total 119808K, used 101500K [0x0000000080000000, 0x0000000100000000)
  region size 1024K, 51 young (52224K), 4 survivors (4096K)
 Metaspace       used 62265K, committed 63296K, reserved 1114112K
  class space    used 6813K, committed 7296K, reserved 1048576K
}
Event: 201.269 GC heap after
{Heap after GC invocations=45 (full 0):
 garbage-first heap   total 119808K, used 54752K [0x0000000080000000, 0x0000000100000000)
  region size 1024K, 4 young (4096K), 4 survivors (4096K)
 Metaspace       used 62265K, committed 63296K, reserved 1114112K
  class space    used 6813K, committed 7296K, reserved 1048576K
}
Event: 217.785 GC heap before
{Heap before GC invocations=45 (full 0):
 garbage-first heap   total 119808K, used 101856K [0x0000000080000000, 0x0000000100000000)
  region size 1024K, 51 young (52224K), 4 survivors (4096K)
 Metaspace       used 62348K, committed 63360K, reserved 1114112K
  class space    used 6819K, committed 7296K, reserved 1048576K
}
Event: 217.791 GC heap after
{Heap after GC invocations=46 (full 0):
 garbage-first heap   total 119808K, used 54722K [0x0000000080000000, 0x0000000100000000)
  region size 1024K, 3 young (3072K), 3 survivors (3072K)
 Metaspace       used 62348K, committed 63360K, reserved 1114112K
  class space    used 6819K, committed 7296K, reserved 1048576K
}
Event: 222.788 GC heap before
{Heap before GC invocations=46 (full 0):
 garbage-first heap   total 119808K, used 102850K [0x0000000080000000, 0x0000000100000000)
  region size 1024K, 50 young (51200K), 3 survivors (3072K)
 Metaspace       used 63712K, committed 64768K, reserved 1114112K
  class space    used 6991K, committed 7488K, reserved 1048576K
}
Event: 222.797 GC heap after
{Heap after GC invocations=47 (full 0):
 garbage-first heap   total 119808K, used 56159K [0x0000000080000000, 0x0000000100000000)
  region size 1024K, 4 young (4096K), 4 survivors (4096K)
 Metaspace       used 63712K, committed 64768K, reserved 1114112K
  class space    used 6991K, committed 7488K, reserved 1048576K
}
Event: 233.021 GC heap before
{Heap before GC invocations=47 (full 0):
 garbage-first heap   total 119808K, used 101215K [0x0000000080000000, 0x0000000100000000)
  region size 1024K, 49 young (50176K), 4 survivors (4096K)
 Metaspace       used 63800K, committed 64832K, reserved 1114112K
  class space    used 6995K, committed 7488K, reserved 1048576K
}
Event: 233.028 GC heap after
{Heap after GC invocations=48 (full 0):
 garbage-first heap   total 119808K, used 56044K [0x0000000080000000, 0x0000000100000000)
  region size 1024K, 4 young (4096K), 4 survivors (4096K)
 Metaspace       used 63800K, committed 64832K, reserved 1114112K
  class space    used 6995K, committed 7488K, reserved 1048576K
}
Event: 235.546 GC heap before
{Heap before GC invocations=48 (full 0):
 garbage-first heap   total 119808K, used 101100K [0x0000000080000000, 0x0000000100000000)
  region size 1024K, 49 young (50176K), 4 survivors (4096K)
 Metaspace       used 63884K, committed 64960K, reserved 1114112K
  class space    used 6997K, committed 7488K, reserved 1048576K
}
Event: 235.553 GC heap after
{Heap after GC invocations=49 (full 0):
 garbage-first heap   total 119808K, used 56056K [0x0000000080000000, 0x0000000100000000)
  region size 1024K, 4 young (4096K), 4 survivors (4096K)
 Metaspace       used 63884K, committed 64960K, reserved 1114112K
  class space    used 6997K, committed 7488K, reserved 1048576K
}
Event: 237.759 GC heap before
{Heap before GC invocations=49 (full 0):
 garbage-first heap   total 119808K, used 102136K [0x0000000080000000, 0x0000000100000000)
  region size 1024K, 49 young (50176K), 4 survivors (4096K)
 Metaspace       used 63884K, committed 64960K, reserved 1114112K
  class space    used 6997K, committed 7488K, reserved 1048576K
}
Event: 237.764 GC heap after
{Heap after GC invocations=50 (full 0):
 garbage-first heap   total 119808K, used 56127K [0x0000000080000000, 0x0000000100000000)
  region size 1024K, 3 young (3072K), 3 survivors (3072K)
 Metaspace       used 63884K, committed 64960K, reserved 1114112K
  class space    used 6997K, committed 7488K, reserved 1048576K
}
Event: 242.214 GC heap before
{Heap before GC invocations=50 (full 0):
 garbage-first heap   total 119808K, used 104255K [0x0000000080000000, 0x0000000100000000)
  region size 1024K, 50 young (51200K), 3 survivors (3072K)
 Metaspace       used 63901K, committed 64960K, reserved 1114112K
  class space    used 6997K, committed 7488K, reserved 1048576K
}
Event: 242.220 GC heap after
{Heap after GC invocations=51 (full 0):
 garbage-first heap   total 119808K, used 56326K [0x0000000080000000, 0x0000000100000000)
  region size 1024K, 3 young (3072K), 3 survivors (3072K)
 Metaspace       used 63901K, committed 64960K, reserved 1114112K
  class space    used 6997K, committed 7488K, reserved 1048576K
}
Event: 242.689 GC heap before
{Heap before GC invocations=51 (full 0):
 garbage-first heap   total 119808K, used 103430K [0x0000000080000000, 0x0000000100000000)
  region size 1024K, 49 young (50176K), 3 survivors (3072K)
 Metaspace       used 63998K, committed 65024K, reserved 1114112K
  class space    used 7000K, committed 7488K, reserved 1048576K
}
Event: 242.696 GC heap after
{Heap after GC invocations=52 (full 0):
 garbage-first heap   total 119808K, used 57739K [0x0000000080000000, 0x0000000100000000)
  region size 1024K, 5 young (5120K), 5 survivors (5120K)
 Metaspace       used 63998K, committed 65024K, reserved 1114112K
  class space    used 7000K, committed 7488K, reserved 1048576K
}
Event: 244.030 GC heap before
{Heap before GC invocations=53 (full 0):
 garbage-first heap   total 119808K, used 100747K [0x0000000080000000, 0x0000000100000000)
  region size 1024K, 47 young (48128K), 5 survivors (5120K)
 Metaspace       used 64156K, committed 65216K, reserved 1114112K
  class space    used 7017K, committed 7552K, reserved 1048576K
}
Event: 244.037 GC heap after
{Heap after GC invocations=54 (full 0):
 garbage-first heap   total 119808K, used 57859K [0x0000000080000000, 0x0000000100000000)
  region size 1024K, 4 young (4096K), 4 survivors (4096K)
 Metaspace       used 64156K, committed 65216K, reserved 1114112K
  class space    used 7017K, committed 7552K, reserved 1048576K
}
Event: 244.038 GC heap before
{Heap before GC invocations=54 (full 0):
 garbage-first heap   total 119808K, used 58883K [0x0000000080000000, 0x0000000100000000)
  region size 1024K, 5 young (5120K), 4 survivors (4096K)
 Metaspace       used 64156K, committed 65216K, reserved 1114112K
  class space    used 7017K, committed 7552K, reserved 1048576K
}
Event: 244.045 GC heap after
{Heap after GC invocations=55 (full 0):
 garbage-first heap   total 119808K, used 56923K [0x0000000080000000, 0x0000000100000000)
  region size 1024K, 1 young (1024K), 1 survivors (1024K)
 Metaspace       used 64156K, committed 65216K, reserved 1114112K
  class space    used 7017K, committed 7552K, reserved 1048576K
}

