# JRE version: OpenJDK Runtime Environment Temurin-17.0.14+7 (17.0.14+7) (build 17.0.14+7)
# Java VM: OpenJDK 64-Bit Server VM Temurin-17.0.14+7 (17.0.14+7, mixed mode, tiered, compressed oops, compressed class ptrs, g1 gc, windows-amd64)
GC Precious Log:
 CPUs: 4 total, 4 available
 Memory: 16383M
 Large Page Support: Disabled
 NUMA Support: Disabled
 Compressed Oops: Enabled (32-bit)
 Heap Region Size: 1M
 Heap Min Capacity: 8M
 Heap Initial Capacity: 256M
 Heap Max Capacity: 2G
 Pre-touch: Disabled
 Parallel Workers: 4
 Concurrent Workers: 1
 Concurrent Refinement Workers: 4
 Periodic GC: Disabled
Heap:
 garbage-first heap   total 116736K, used 48051K [0x0000000080000000, 0x0000000100000000)
  region size 1024K, 2 young (2048K), 2 survivors (2048K)
 Metaspace       used 62524K, committed 63488K, reserved 1114112K
  class space    used 6873K, committed 7360K, reserved 1048576K
GC Heap History (20 events):
Event: 6.214 GC heap after
{Heap after GC invocations=17 (full 0):
 garbage-first heap   total 116736K, used 39160K [0x0000000080000000, 0x0000000100000000)
  region size 1024K, 8 young (8192K), 8 survivors (8192K)
 Metaspace       used 47460K, committed 48064K, reserved 1114112K
  class space    used 5136K, committed 5440K, reserved 1048576K
}
Event: 7.143 GC heap before
{Heap before GC invocations=17 (full 0):
 garbage-first heap   total 116736K, used 92408K [0x0000000080000000, 0x0000000100000000)
  region size 1024K, 60 young (61440K), 8 survivors (8192K)
 Metaspace       used 48409K, committed 49024K, reserved 1114112K
  class space    used 5201K, committed 5504K, reserved 1048576K
}
Event: 7.152 GC heap after
{Heap after GC invocations=18 (full 0):
 garbage-first heap   total 116736K, used 38972K [0x0000000080000000, 0x0000000100000000)
  region size 1024K, 2 young (2048K), 2 survivors (2048K)
 Metaspace       used 48409K, committed 49024K, reserved 1114112K
  class space    used 5201K, committed 5504K, reserved 1048576K
}
Event: 7.704 GC heap before
{Heap before GC invocations=18 (full 0):
 garbage-first heap   total 116736K, used 92220K [0x0000000080000000, 0x0000000100000000)
  region size 1024K, 54 young (55296K), 2 survivors (2048K)
 Metaspace       used 49340K, committed 49984K, reserved 1114112K
  class space    used 5277K, committed 5568K, reserved 1048576K
}
Event: 7.711 GC heap after
{Heap after GC invocations=19 (full 0):
 garbage-first heap   total 116736K, used 40768K [0x0000000080000000, 0x0000000100000000)
  region size 1024K, 4 young (4096K), 4 survivors (4096K)
 Metaspace       used 49340K, committed 49984K, reserved 1114112K
  class space    used 5277K, committed 5568K, reserved 1048576K
}
Event: 8.344 GC heap before
{Heap before GC invocations=19 (full 0):
 garbage-first heap   total 116736K, used 92992K [0x0000000080000000, 0x0000000100000000)
  region size 1024K, 55 young (56320K), 4 survivors (4096K)
 Metaspace       used 50050K, committed 50752K, reserved 1114112K
  class space    used 5353K, committed 5696K, reserved 1048576K
}
Event: 8.351 GC heap after
{Heap after GC invocations=20 (full 0):
 garbage-first heap   total 116736K, used 41532K [0x0000000080000000, 0x0000000100000000)
  region size 1024K, 4 young (4096K), 4 survivors (4096K)
 Metaspace       used 50050K, committed 50752K, reserved 1114112K
  class space    used 5353K, committed 5696K, reserved 1048576K
}
Event: 42.168 GC heap before
{Heap before GC invocations=20 (full 0):
 garbage-first heap   total 116736K, used 94780K [0x0000000080000000, 0x0000000100000000)
  region size 1024K, 56 young (57344K), 4 survivors (4096K)
 Metaspace       used 58751K, committed 59584K, reserved 1114112K
  class space    used 6564K, committed 6976K, reserved 1048576K
}
Event: 42.180 GC heap after
{Heap after GC invocations=21 (full 0):
 garbage-first heap   total 116736K, used 45356K [0x0000000080000000, 0x0000000100000000)
  region size 1024K, 7 young (7168K), 7 survivors (7168K)
 Metaspace       used 58751K, committed 59584K, reserved 1114112K
  class space    used 6564K, committed 6976K, reserved 1048576K
}
Event: 46.551 GC heap before
{Heap before GC invocations=21 (full 0):
 garbage-first heap   total 116736K, used 83244K [0x0000000080000000, 0x0000000100000000)
  region size 1024K, 45 young (46080K), 7 survivors (7168K)
 Metaspace       used 59718K, committed 60480K, reserved 1114112K
  class space    used 6653K, committed 7040K, reserved 1048576K
}
Event: 46.561 GC heap after
{Heap after GC invocations=22 (full 0):
 garbage-first heap   total 116736K, used 47018K [0x0000000080000000, 0x0000000100000000)
  region size 1024K, 6 young (6144K), 6 survivors (6144K)
 Metaspace       used 59718K, committed 60480K, reserved 1114112K
  class space    used 6653K, committed 7040K, reserved 1048576K
}
Event: 49.795 GC heap before
{Heap before GC invocations=23 (full 0):
 garbage-first heap   total 116736K, used 93098K [0x0000000080000000, 0x0000000100000000)
  region size 1024K, 52 young (53248K), 6 survivors (6144K)
 Metaspace       used 60222K, committed 60992K, reserved 1114112K
  class space    used 6653K, committed 7040K, reserved 1048576K
}
Event: 49.801 GC heap after
{Heap after GC invocations=24 (full 0):
 garbage-first heap   total 116736K, used 47058K [0x0000000080000000, 0x0000000100000000)
  region size 1024K, 2 young (2048K), 2 survivors (2048K)
 Metaspace       used 60222K, committed 60992K, reserved 1114112K
  class space    used 6653K, committed 7040K, reserved 1048576K
}
Event: 58.963 GC heap before
{Heap before GC invocations=24 (full 0):
 garbage-first heap   total 116736K, used 95186K [0x0000000080000000, 0x0000000100000000)
  region size 1024K, 50 young (51200K), 2 survivors (2048K)
 Metaspace       used 60656K, committed 61440K, reserved 1114112K
  class space    used 6673K, committed 7040K, reserved 1048576K
}
Event: 58.967 GC heap after
{Heap after GC invocations=25 (full 0):
 garbage-first heap   total 116736K, used 46750K [0x0000000080000000, 0x0000000100000000)
  region size 1024K, 2 young (2048K), 2 survivors (2048K)
 Metaspace       used 60656K, committed 61440K, reserved 1114112K
  class space    used 6673K, committed 7040K, reserved 1048576K
}
Event: 60.057 GC heap before
{Heap before GC invocations=25 (full 0):
 garbage-first heap   total 116736K, used 96926K [0x0000000080000000, 0x0000000100000000)
  region size 1024K, 51 young (52224K), 2 survivors (2048K)
 Metaspace       used 62056K, committed 62976K, reserved 1114112K
  class space    used 6852K, committed 7296K, reserved 1048576K
}
Event: 60.062 GC heap after
{Heap after GC invocations=26 (full 0):
 garbage-first heap   total 116736K, used 47955K [0x0000000080000000, 0x0000000100000000)
  region size 1024K, 3 young (3072K), 3 survivors (3072K)
 Metaspace       used 62056K, committed 62976K, reserved 1114112K
  class space    used 6852K, committed 7296K, reserved 1048576K
}
Event: 60.436 GC heap before
{Heap before GC invocations=26 (full 0):
 garbage-first heap   total 116736K, used 97107K [0x0000000080000000, 0x0000000100000000)
  region size 1024K, 51 young (52224K), 3 survivors (3072K)
 Metaspace       used 62283K, committed 63168K, reserved 1114112K
  class space    used 6863K, committed 7296K, reserved 1048576K
}
Event: 60.441 GC heap after
{Heap after GC invocations=27 (full 0):
 garbage-first heap   total 116736K, used 48837K [0x0000000080000000, 0x0000000100000000)
  region size 1024K, 4 young (4096K), 4 survivors (4096K)
 Metaspace       used 62283K, committed 63168K, reserved 1114112K
  class space    used 6863K, committed 7296K, reserved 1048576K
}
Event: 60.860 GC heap before
{Heap before GC invocations=27 (full 0):
 garbage-first heap   total 116736K, used 96965K [0x0000000080000000, 0x0000000100000000)
  region size 1024K, 51 young (52224K), 4 survivors (4096K)
 Metaspace       used 62524K, committed 63488K, reserved 1114112K
  class space    used 6873K, committed 7360K, reserved 1048576K
}

