# JRE version: OpenJDK Runtime Environment Temurin-17.0.14+7 (17.0.14+7) (build 17.0.14+7)
# Java VM: OpenJDK 64-Bit Server VM Temurin-17.0.14+7 (17.0.14+7, mixed mode, tiered, compressed oops, compressed class ptrs, g1 gc, windows-amd64)
GC Precious Log:
 CPUs: 4 total, 4 available
 Memory: 16383M
 Large Page Support: Disabled
 NUMA Support: Disabled
 Compressed Oops: Enabled (32-bit)
 Heap Region Size: 1M
 Heap Min Capacity: 8M
 Heap Initial Capacity: 256M
 Heap Max Capacity: 2G
 Pre-touch: Disabled
 Parallel Workers: 4
 Concurrent Workers: 1
 Concurrent Refinement Workers: 4
 Periodic GC: Disabled
Heap:
 garbage-first heap   total 146432K, used 55119K [0x0000000080000000, 0x0000000100000000)
  region size 1024K, 15 young (15360K), 7 survivors (7168K)
 Metaspace       used 59724K, committed 60608K, reserved 1114112K
  class space    used 6677K, committed 7104K, reserved 1048576K
GC Heap History (20 events):
Event: 3.658 GC heap before
{Heap before GC invocations=10 (full 0):
 garbage-first heap   total 93184K, used 69133K [0x0000000080000000, 0x0000000100000000)
  region size 1024K, 42 young (43008K), 1 survivors (1024K)
 Metaspace       used 33287K, committed 33664K, reserved 1114112K
  class space    used 3612K, committed 3776K, reserved 1048576K
}
Event: 3.661 GC heap after
{Heap after GC invocations=11 (full 0):
 garbage-first heap   total 93184K, used 27543K [0x0000000080000000, 0x0000000100000000)
  region size 1024K, 2 young (2048K), 2 survivors (2048K)
 Metaspace       used 33287K, committed 33664K, reserved 1114112K
  class space    used 3612K, committed 3776K, reserved 1048576K
}
Event: 3.977 GC heap before
{Heap before GC invocations=11 (full 0):
 garbage-first heap   total 93184K, used 70551K [0x0000000080000000, 0x0000000100000000)
  region size 1024K, 44 young (45056K), 2 survivors (2048K)
 Metaspace       used 33646K, committed 34048K, reserved 1114112K
  class space    used 3649K, committed 3840K, reserved 1048576K
}
Event: 3.982 GC heap after
{Heap after GC invocations=12 (full 0):
 garbage-first heap   total 93184K, used 28878K [0x0000000080000000, 0x0000000100000000)
  region size 1024K, 3 young (3072K), 3 survivors (3072K)
 Metaspace       used 33646K, committed 34048K, reserved 1114112K
  class space    used 3649K, committed 3840K, reserved 1048576K
}
Event: 4.269 GC heap before
{Heap before GC invocations=12 (full 0):
 garbage-first heap   total 93184K, used 69838K [0x0000000080000000, 0x0000000100000000)
  region size 1024K, 44 young (45056K), 3 survivors (3072K)
 Metaspace       used 35565K, committed 35968K, reserved 1114112K
  class space    used 3833K, committed 4032K, reserved 1048576K
}
Event: 4.277 GC heap after
{Heap after GC invocations=13 (full 0):
 garbage-first heap   total 93184K, used 31790K [0x0000000080000000, 0x0000000100000000)
  region size 1024K, 6 young (6144K), 6 survivors (6144K)
 Metaspace       used 35565K, committed 35968K, reserved 1114112K
  class space    used 3833K, committed 4032K, reserved 1048576K
}
Event: 4.755 GC heap before
{Heap before GC invocations=14 (full 0):
 garbage-first heap   total 93184K, used 72750K [0x0000000080000000, 0x0000000100000000)
  region size 1024K, 46 young (47104K), 6 survivors (6144K)
 Metaspace       used 40580K, committed 41024K, reserved 1114112K
  class space    used 4369K, committed 4544K, reserved 1048576K
}
Event: 4.765 GC heap after
{Heap after GC invocations=15 (full 0):
 garbage-first heap   total 93184K, used 33806K [0x0000000080000000, 0x0000000100000000)
  region size 1024K, 5 young (5120K), 5 survivors (5120K)
 Metaspace       used 40580K, committed 41024K, reserved 1114112K
  class space    used 4369K, committed 4544K, reserved 1048576K
}
Event: 5.460 GC heap before
{Heap before GC invocations=15 (full 0):
 garbage-first heap   total 93184K, used 72718K [0x0000000080000000, 0x0000000100000000)
  region size 1024K, 43 young (44032K), 5 survivors (5120K)
 Metaspace       used 41572K, committed 42048K, reserved 1114112K
  class space    used 4429K, committed 4672K, reserved 1048576K
}
Event: 5.469 GC heap after
{Heap after GC invocations=16 (full 0):
 garbage-first heap   total 121856K, used 35644K [0x0000000080000000, 0x0000000100000000)
  region size 1024K, 4 young (4096K), 4 survivors (4096K)
 Metaspace       used 41572K, committed 42048K, reserved 1114112K
  class space    used 4429K, committed 4672K, reserved 1048576K
}
Event: 6.505 GC heap before
{Heap before GC invocations=16 (full 0):
 garbage-first heap   total 121856K, used 96060K [0x0000000080000000, 0x0000000100000000)
  region size 1024K, 63 young (64512K), 4 survivors (4096K)
 Metaspace       used 48004K, committed 48640K, reserved 1114112K
  class space    used 5192K, committed 5504K, reserved 1048576K
}
Event: 6.516 GC heap after
{Heap after GC invocations=17 (full 0):
 garbage-first heap   total 121856K, used 38802K [0x0000000080000000, 0x0000000100000000)
  region size 1024K, 7 young (7168K), 7 survivors (7168K)
 Metaspace       used 48004K, committed 48640K, reserved 1114112K
  class space    used 5192K, committed 5504K, reserved 1048576K
}
Event: 6.958 GC heap before
{Heap before GC invocations=17 (full 0):
 garbage-first heap   total 121856K, used 96146K [0x0000000080000000, 0x0000000100000000)
  region size 1024K, 63 young (64512K), 7 survivors (7168K)
 Metaspace       used 48783K, committed 49408K, reserved 1114112K
  class space    used 5266K, committed 5568K, reserved 1048576K
}
Event: 6.973 GC heap after
{Heap after GC invocations=18 (full 0):
 garbage-first heap   total 121856K, used 42200K [0x0000000080000000, 0x0000000100000000)
  region size 1024K, 7 young (7168K), 7 survivors (7168K)
 Metaspace       used 48783K, committed 49408K, reserved 1114112K
  class space    used 5266K, committed 5568K, reserved 1048576K
}
Event: 7.279 GC heap before
{Heap before GC invocations=18 (full 0):
 garbage-first heap   total 121856K, used 97496K [0x0000000080000000, 0x0000000100000000)
  region size 1024K, 61 young (62464K), 7 survivors (7168K)
 Metaspace       used 49286K, committed 49920K, reserved 1114112K
  class space    used 5274K, committed 5568K, reserved 1048576K
}
Event: 7.291 GC heap after
{Heap after GC invocations=19 (full 0):
 garbage-first heap   total 121856K, used 45458K [0x0000000080000000, 0x0000000100000000)
  region size 1024K, 7 young (7168K), 7 survivors (7168K)
 Metaspace       used 49286K, committed 49920K, reserved 1114112K
  class space    used 5274K, committed 5568K, reserved 1048576K
}
Event: 10.013 GC heap before
{Heap before GC invocations=19 (full 0):
 garbage-first heap   total 121856K, used 97682K [0x0000000080000000, 0x0000000100000000)
  region size 1024K, 58 young (59392K), 7 survivors (7168K)
 Metaspace       used 56386K, committed 57152K, reserved 1114112K
  class space    used 6258K, committed 6656K, reserved 1048576K
}
Event: 10.025 GC heap after
{Heap after GC invocations=20 (full 0):
 garbage-first heap   total 146432K, used 46482K [0x0000000080000000, 0x0000000100000000)
  region size 1024K, 5 young (5120K), 5 survivors (5120K)
 Metaspace       used 56386K, committed 57152K, reserved 1114112K
  class space    used 6258K, committed 6656K, reserved 1048576K
}
Event: 15.577 GC heap before
{Heap before GC invocations=20 (full 0):
 garbage-first heap   total 146432K, used 104850K [0x0000000080000000, 0x0000000100000000)
  region size 1024K, 63 young (64512K), 5 survivors (5120K)
 Metaspace       used 59635K, committed 60480K, reserved 1114112K
  class space    used 6677K, committed 7104K, reserved 1048576K
}
Event: 15.585 GC heap after
{Heap after GC invocations=21 (full 0):
 garbage-first heap   total 146432K, used 48975K [0x0000000080000000, 0x0000000100000000)
  region size 1024K, 7 young (7168K), 7 survivors (7168K)
 Metaspace       used 59635K, committed 60480K, reserved 1114112K
  class space    used 6677K, committed 7104K, reserved 1048576K
}

