# JRE version: OpenJDK Runtime Environment Temurin-17.0.14+7 (17.0.14+7) (build 17.0.14+7)
# Java VM: OpenJDK 64-Bit Server VM Temurin-17.0.14+7 (17.0.14+7, mixed mode, tiered, compressed oops, compressed class ptrs, g1 gc, windows-amd64)
GC Precious Log:
 CPUs: 4 total, 4 available
 Memory: 16383M
 Large Page Support: Disabled
 NUMA Support: Disabled
 Compressed Oops: Enabled (32-bit)
 Heap Region Size: 1M
 Heap Min Capacity: 8M
 Heap Initial Capacity: 256M
 Heap Max Capacity: 2G
 Pre-touch: Disabled
 Parallel Workers: 4
 Concurrent Workers: 1
 Concurrent Refinement Workers: 4
 Periodic GC: Disabled
Heap:
 garbage-first heap   total 119808K, used 47752K [0x0000000080000000, 0x0000000100000000)
  region size 1024K, 5 young (5120K), 3 survivors (3072K)
 Metaspace       used 60073K, committed 60864K, reserved 1114112K
  class space    used 6665K, committed 7040K, reserved 1048576K
GC Heap History (20 events):
Event: 4.130 GC heap before
{Heap before GC invocations=11 (full 0):
 garbage-first heap   total 91136K, used 69960K [0x0000000080000000, 0x0000000100000000)
  region size 1024K, 44 young (45056K), 2 survivors (2048K)
 Metaspace       used 33664K, committed 34112K, reserved 1114112K
  class space    used 3647K, committed 3840K, reserved 1048576K
}
Event: 4.135 GC heap after
{Heap after GC invocations=12 (full 0):
 garbage-first heap   total 91136K, used 28164K [0x0000000080000000, 0x0000000100000000)
  region size 1024K, 3 young (3072K), 3 survivors (3072K)
 Metaspace       used 33664K, committed 34112K, reserved 1114112K
  class space    used 3647K, committed 3840K, reserved 1048576K
}
Event: 4.541 GC heap before
{Heap before GC invocations=12 (full 0):
 garbage-first heap   total 91136K, used 69124K [0x0000000080000000, 0x0000000100000000)
  region size 1024K, 44 young (45056K), 3 survivors (3072K)
 Metaspace       used 35585K, committed 35968K, reserved 1114112K
  class space    used 3831K, committed 4032K, reserved 1048576K
}
Event: 4.549 GC heap after
{Heap after GC invocations=13 (full 0):
 garbage-first heap   total 91136K, used 31203K [0x0000000080000000, 0x0000000100000000)
  region size 1024K, 6 young (6144K), 6 survivors (6144K)
 Metaspace       used 35585K, committed 35968K, reserved 1114112K
  class space    used 3831K, committed 4032K, reserved 1048576K
}
Event: 4.990 GC heap before
{Heap before GC invocations=14 (full 0):
 garbage-first heap   total 91136K, used 71139K [0x0000000080000000, 0x0000000100000000)
  region size 1024K, 45 young (46080K), 6 survivors (6144K)
 Metaspace       used 40617K, committed 41024K, reserved 1114112K
  class space    used 4371K, committed 4544K, reserved 1048576K
}
Event: 5.000 GC heap after
{Heap after GC invocations=15 (full 0):
 garbage-first heap   total 91136K, used 33678K [0x0000000080000000, 0x0000000100000000)
  region size 1024K, 6 young (6144K), 6 survivors (6144K)
 Metaspace       used 40617K, committed 41024K, reserved 1114112K
  class space    used 4371K, committed 4544K, reserved 1048576K
}
Event: 5.564 GC heap before
{Heap before GC invocations=15 (full 0):
 garbage-first heap   total 91136K, used 70542K [0x0000000080000000, 0x0000000100000000)
  region size 1024K, 42 young (43008K), 6 survivors (6144K)
 Metaspace       used 41607K, committed 42112K, reserved 1114112K
  class space    used 4438K, committed 4672K, reserved 1048576K
}
Event: 5.574 GC heap after
{Heap after GC invocations=16 (full 0):
 garbage-first heap   total 119808K, used 34733K [0x0000000080000000, 0x0000000100000000)
  region size 1024K, 4 young (4096K), 4 survivors (4096K)
 Metaspace       used 41607K, committed 42112K, reserved 1114112K
  class space    used 4438K, committed 4672K, reserved 1048576K
}
Event: 6.361 GC heap before
{Heap before GC invocations=16 (full 0):
 garbage-first heap   total 119808K, used 93101K [0x0000000080000000, 0x0000000100000000)
  region size 1024K, 61 young (62464K), 4 survivors (4096K)
 Metaspace       used 47912K, committed 48512K, reserved 1114112K
  class space    used 5205K, committed 5504K, reserved 1048576K
}
Event: 6.372 GC heap after
{Heap after GC invocations=17 (full 0):
 garbage-first heap   total 119808K, used 38342K [0x0000000080000000, 0x0000000100000000)
  region size 1024K, 7 young (7168K), 7 survivors (7168K)
 Metaspace       used 47912K, committed 48512K, reserved 1114112K
  class space    used 5205K, committed 5504K, reserved 1048576K
}
Event: 7.049 GC heap before
{Heap before GC invocations=17 (full 0):
 garbage-first heap   total 119808K, used 92614K [0x0000000080000000, 0x0000000100000000)
  region size 1024K, 60 young (61440K), 7 survivors (7168K)
 Metaspace       used 49004K, committed 49664K, reserved 1114112K
  class space    used 5281K, committed 5632K, reserved 1048576K
}
Event: 7.060 GC heap after
{Heap after GC invocations=18 (full 0):
 garbage-first heap   total 119808K, used 40613K [0x0000000080000000, 0x0000000100000000)
  region size 1024K, 6 young (6144K), 6 survivors (6144K)
 Metaspace       used 49004K, committed 49664K, reserved 1114112K
  class space    used 5281K, committed 5632K, reserved 1048576K
}
Event: 9.701 GC heap before
{Heap before GC invocations=18 (full 0):
 garbage-first heap   total 119808K, used 94885K [0x0000000080000000, 0x0000000100000000)
  region size 1024K, 59 young (60416K), 6 survivors (6144K)
 Metaspace       used 57057K, committed 57856K, reserved 1114112K
  class space    used 6403K, committed 6784K, reserved 1048576K
}
Event: 9.715 GC heap after
{Heap after GC invocations=19 (full 0):
 garbage-first heap   total 119808K, used 44894K [0x0000000080000000, 0x0000000100000000)
  region size 1024K, 7 young (7168K), 7 survivors (7168K)
 Metaspace       used 57057K, committed 57856K, reserved 1114112K
  class space    used 6403K, committed 6784K, reserved 1048576K
}
Event: 14.683 GC heap before
{Heap before GC invocations=19 (full 0):
 garbage-first heap   total 119808K, used 95070K [0x0000000080000000, 0x0000000100000000)
  region size 1024K, 56 young (57344K), 7 survivors (7168K)
 Metaspace       used 59153K, committed 60032K, reserved 1114112K
  class space    used 6656K, committed 7040K, reserved 1048576K
}
Event: 14.694 GC heap after
{Heap after GC invocations=20 (full 0):
 garbage-first heap   total 119808K, used 46502K [0x0000000080000000, 0x0000000100000000)
  region size 1024K, 2 young (2048K), 2 survivors (2048K)
 Metaspace       used 59153K, committed 60032K, reserved 1114112K
  class space    used 6656K, committed 7040K, reserved 1048576K
}
Event: 19.355 GC heap before
{Heap before GC invocations=20 (full 0):
 garbage-first heap   total 119808K, used 85414K [0x0000000080000000, 0x0000000100000000)
  region size 1024K, 42 young (43008K), 2 survivors (2048K)
 Metaspace       used 59713K, committed 60480K, reserved 1114112K
  class space    used 6665K, committed 7040K, reserved 1048576K
}
Event: 19.362 GC heap after
{Heap after GC invocations=21 (full 0):
 garbage-first heap   total 119808K, used 46502K [0x0000000080000000, 0x0000000100000000)
  region size 1024K, 2 young (2048K), 2 survivors (2048K)
 Metaspace       used 59713K, committed 60480K, reserved 1114112K
  class space    used 6665K, committed 7040K, reserved 1048576K
}
Event: 23.281 GC heap before
{Heap before GC invocations=22 (full 0):
 garbage-first heap   total 119808K, used 96678K [0x0000000080000000, 0x0000000100000000)
  region size 1024K, 52 young (53248K), 2 survivors (2048K)
 Metaspace       used 60073K, committed 60864K, reserved 1114112K
  class space    used 6665K, committed 7040K, reserved 1048576K
}
Event: 23.286 GC heap after
{Heap after GC invocations=23 (full 0):
 garbage-first heap   total 119808K, used 46728K [0x0000000080000000, 0x0000000100000000)
  region size 1024K, 3 young (3072K), 3 survivors (3072K)
 Metaspace       used 60073K, committed 60864K, reserved 1114112K
  class space    used 6665K, committed 7040K, reserved 1048576K
}

