# JRE version: OpenJDK Runtime Environment Temurin-17.0.14+7 (17.0.14+7) (build 17.0.14+7)
# Java VM: OpenJDK 64-Bit Server VM Temurin-17.0.14+7 (17.0.14+7, mixed mode, tiered, compressed oops, compressed class ptrs, g1 gc, windows-amd64)
GC Precious Log:
 CPUs: 4 total, 4 available
 Memory: 16383M
 Large Page Support: Disabled
 NUMA Support: Disabled
 Compressed Oops: Enabled (32-bit)
 Heap Region Size: 1M
 Heap Min Capacity: 8M
 Heap Initial Capacity: 256M
 Heap Max Capacity: 2G
 Pre-touch: Disabled
 Parallel Workers: 4
 Concurrent Workers: 1
 Concurrent Refinement Workers: 4
 Periodic GC: Disabled
Heap:
 garbage-first heap   total 109568K, used 83180K [0x0000000080000000, 0x0000000100000000)
  region size 1024K, 47 young (48128K), 3 survivors (3072K)
 Metaspace       used 49010K, committed 49600K, reserved 1114112K
  class space    used 5278K, committed 5568K, reserved 1048576K
GC Heap History (20 events):
Event: 2.640 GC heap before
{Heap before GC invocations=6 (full 0):
 garbage-first heap   total 71680K, used 55882K [0x0000000080000000, 0x0000000100000000)
  region size 1024K, 41 young (41984K), 5 survivors (5120K)
 Metaspace       used 22194K, committed 22464K, reserved 1114112K
  class space    used 2322K, committed 2432K, reserved 1048576K
}
Event: 2.646 GC heap after
{Heap after GC invocations=7 (full 0):
 garbage-first heap   total 71680K, used 21313K [0x0000000080000000, 0x0000000100000000)
  region size 1024K, 6 young (6144K), 6 survivors (6144K)
 Metaspace       used 22194K, committed 22464K, reserved 1114112K
  class space    used 2322K, committed 2432K, reserved 1048576K
}
Event: 2.648 GC heap before
{Heap before GC invocations=7 (full 0):
 garbage-first heap   total 71680K, used 22337K [0x0000000080000000, 0x0000000100000000)
  region size 1024K, 7 young (7168K), 6 survivors (6144K)
 Metaspace       used 22194K, committed 22464K, reserved 1114112K
  class space    used 2322K, committed 2432K, reserved 1048576K
}
Event: 2.658 GC heap after
{Heap after GC invocations=8 (full 0):
 garbage-first heap   total 71680K, used 21546K [0x0000000080000000, 0x0000000100000000)
  region size 1024K, 1 young (1024K), 1 survivors (1024K)
 Metaspace       used 22194K, committed 22464K, reserved 1114112K
  class space    used 2322K, committed 2432K, reserved 1048576K
}
Event: 3.027 GC heap before
{Heap before GC invocations=8 (full 0):
 garbage-first heap   total 71680K, used 51242K [0x0000000080000000, 0x0000000100000000)
  region size 1024K, 30 young (30720K), 1 survivors (1024K)
 Metaspace       used 24620K, committed 24896K, reserved 1114112K
  class space    used 2574K, committed 2688K, reserved 1048576K
}
Event: 3.031 GC heap after
{Heap after GC invocations=9 (full 0):
 garbage-first heap   total 71680K, used 22443K [0x0000000080000000, 0x0000000100000000)
  region size 1024K, 2 young (2048K), 2 survivors (2048K)
 Metaspace       used 24620K, committed 24896K, reserved 1114112K
  class space    used 2574K, committed 2688K, reserved 1048576K
}
Event: 3.666 GC heap before
{Heap before GC invocations=9 (full 0):
 garbage-first heap   total 71680K, used 52139K [0x0000000080000000, 0x0000000100000000)
  region size 1024K, 31 young (31744K), 2 survivors (2048K)
 Metaspace       used 31063K, committed 31488K, reserved 1114112K
  class space    used 3420K, committed 3648K, reserved 1048576K
}
Event: 3.672 GC heap after
{Heap after GC invocations=10 (full 0):
 garbage-first heap   total 71680K, used 25067K [0x0000000080000000, 0x0000000100000000)
  region size 1024K, 4 young (4096K), 4 survivors (4096K)
 Metaspace       used 31063K, committed 31488K, reserved 1114112K
  class space    used 3420K, committed 3648K, reserved 1048576K
}
Event: 3.910 GC heap before
{Heap before GC invocations=10 (full 0):
 garbage-first heap   total 71680K, used 56811K [0x0000000080000000, 0x0000000100000000)
  region size 1024K, 32 young (32768K), 4 survivors (4096K)
 Metaspace       used 32740K, committed 33152K, reserved 1114112K
  class space    used 3543K, committed 3712K, reserved 1048576K
}
Event: 3.917 GC heap after
{Heap after GC invocations=11 (full 0):
 garbage-first heap   total 71680K, used 25807K [0x0000000080000000, 0x0000000100000000)
  region size 1024K, 1 young (1024K), 1 survivors (1024K)
 Metaspace       used 32740K, committed 33152K, reserved 1114112K
  class space    used 3543K, committed 3712K, reserved 1048576K
}
Event: 4.009 GC heap before
{Heap before GC invocations=11 (full 0):
 garbage-first heap   total 71680K, used 54479K [0x0000000080000000, 0x0000000100000000)
  region size 1024K, 29 young (29696K), 1 survivors (1024K)
 Metaspace       used 33228K, committed 33600K, reserved 1114112K
  class space    used 3609K, committed 3776K, reserved 1048576K
}
Event: 4.012 GC heap after
{Heap after GC invocations=12 (full 0):
 garbage-first heap   total 192512K, used 26258K [0x0000000080000000, 0x0000000100000000)
  region size 1024K, 2 young (2048K), 2 survivors (2048K)
 Metaspace       used 33228K, committed 33600K, reserved 1114112K
  class space    used 3609K, committed 3776K, reserved 1048576K
}
Event: 4.843 GC heap before
{Heap before GC invocations=12 (full 0):
 garbage-first heap   total 192512K, used 130706K [0x0000000080000000, 0x0000000100000000)
  region size 1024K, 105 young (107520K), 2 survivors (2048K)
 Metaspace       used 35575K, committed 35968K, reserved 1114112K
  class space    used 3833K, committed 4032K, reserved 1048576K
}
Event: 4.854 GC heap after
{Heap after GC invocations=13 (full 0):
 garbage-first heap   total 192512K, used 30970K [0x0000000080000000, 0x0000000100000000)
  region size 1024K, 6 young (6144K), 6 survivors (6144K)
 Metaspace       used 35575K, committed 35968K, reserved 1114112K
  class space    used 3833K, committed 4032K, reserved 1048576K
}
Event: 6.062 GC heap before
{Heap before GC invocations=14 (full 0):
 garbage-first heap   total 109568K, used 90362K [0x0000000080000000, 0x0000000100000000)
  region size 1024K, 64 young (65536K), 6 survivors (6144K)
 Metaspace       used 41278K, committed 41792K, reserved 1114112K
  class space    used 4423K, committed 4672K, reserved 1048576K
}
Event: 6.071 GC heap after
{Heap after GC invocations=15 (full 0):
 garbage-first heap   total 109568K, used 33901K [0x0000000080000000, 0x0000000100000000)
  region size 1024K, 3 young (3072K), 3 survivors (3072K)
 Metaspace       used 41278K, committed 41792K, reserved 1114112K
  class space    used 4423K, committed 4672K, reserved 1048576K
}
Event: 7.220 GC heap before
{Heap before GC invocations=15 (full 0):
 garbage-first heap   total 109568K, used 86125K [0x0000000080000000, 0x0000000100000000)
  region size 1024K, 54 young (55296K), 3 survivors (3072K)
 Metaspace       used 46671K, committed 47232K, reserved 1114112K
  class space    used 5045K, committed 5312K, reserved 1048576K
}
Event: 7.230 GC heap after
{Heap after GC invocations=16 (full 0):
 garbage-first heap   total 109568K, used 37625K [0x0000000080000000, 0x0000000100000000)
  region size 1024K, 7 young (7168K), 7 survivors (7168K)
 Metaspace       used 46671K, committed 47232K, reserved 1114112K
  class space    used 5045K, committed 5312K, reserved 1048576K
}
Event: 7.606 GC heap before
{Heap before GC invocations=16 (full 0):
 garbage-first heap   total 109568K, used 86777K [0x0000000080000000, 0x0000000100000000)
  region size 1024K, 55 young (56320K), 7 survivors (7168K)
 Metaspace       used 48122K, committed 48832K, reserved 1114112K
  class space    used 5212K, committed 5568K, reserved 1048576K
}
Event: 7.616 GC heap after
{Heap after GC invocations=17 (full 0):
 garbage-first heap   total 109568K, used 39148K [0x0000000080000000, 0x0000000100000000)
  region size 1024K, 3 young (3072K), 3 survivors (3072K)
 Metaspace       used 48122K, committed 48832K, reserved 1114112K
  class space    used 5212K, committed 5568K, reserved 1048576K
}

