# JRE version: OpenJDK Runtime Environment Temurin-17.0.14+7 (17.0.14+7) (build 17.0.14+7)
# Java VM: OpenJDK 64-Bit Server VM Temurin-17.0.14+7 (17.0.14+7, mixed mode, tiered, compressed oops, compressed class ptrs, g1 gc, windows-amd64)
GC Precious Log:
 CPUs: 4 total, 4 available
 Memory: 16383M
 Large Page Support: Disabled
 NUMA Support: Disabled
 Compressed Oops: Enabled (32-bit)
 Heap Region Size: 1M
 Heap Min Capacity: 8M
 Heap Initial Capacity: 256M
 Heap Max Capacity: 2G
 Pre-touch: Disabled
 Parallel Workers: 4
 Concurrent Workers: 1
 Concurrent Refinement Workers: 4
 Periodic GC: Disabled
Heap:
 garbage-first heap   total 140288K, used 86564K [0x0000000080000000, 0x0000000100000000)
  region size 1024K, 49 young (50176K), 7 survivors (7168K)
 Metaspace       used 58934K, committed 59712K, reserved 1114112K
  class space    used 6613K, committed 6976K, reserved 1048576K
GC Heap History (20 events):
Event: 3.796 GC heap before
{Heap before GC invocations=9 (full 0):
 garbage-first heap   total 75776K, used 58182K [0x0000000080000000, 0x0000000100000000)
  region size 1024K, 34 young (34816K), 5 survivors (5120K)
 Metaspace       used 33167K, committed 33536K, reserved 1114112K
  class space    used 3600K, committed 3776K, reserved 1048576K
}
Event: 3.803 GC heap after
{Heap after GC invocations=10 (full 0):
 garbage-first heap   total 91136K, used 26883K [0x0000000080000000, 0x0000000100000000)
  region size 1024K, 1 young (1024K), 1 survivors (1024K)
 Metaspace       used 33167K, committed 33536K, reserved 1114112K
  class space    used 3600K, committed 3776K, reserved 1048576K
}
Event: 3.904 GC heap before
{Heap before GC invocations=10 (full 0):
 garbage-first heap   total 91136K, used 67843K [0x0000000080000000, 0x0000000100000000)
  region size 1024K, 41 young (41984K), 1 survivors (1024K)
 Metaspace       used 33303K, committed 33664K, reserved 1114112K
  class space    used 3611K, committed 3776K, reserved 1048576K
}
Event: 3.908 GC heap after
{Heap after GC invocations=11 (full 0):
 garbage-first heap   total 91136K, used 27027K [0x0000000080000000, 0x0000000100000000)
  region size 1024K, 1 young (1024K), 1 survivors (1024K)
 Metaspace       used 33303K, committed 33664K, reserved 1114112K
  class space    used 3611K, committed 3776K, reserved 1048576K
}
Event: 4.280 GC heap before
{Heap before GC invocations=11 (full 0):
 garbage-first heap   total 91136K, used 70035K [0x0000000080000000, 0x0000000100000000)
  region size 1024K, 43 young (44032K), 1 survivors (1024K)
 Metaspace       used 33683K, committed 34112K, reserved 1114112K
  class space    used 3647K, committed 3840K, reserved 1048576K
}
Event: 4.285 GC heap after
{Heap after GC invocations=12 (full 0):
 garbage-first heap   total 91136K, used 28676K [0x0000000080000000, 0x0000000100000000)
  region size 1024K, 3 young (3072K), 3 survivors (3072K)
 Metaspace       used 33683K, committed 34112K, reserved 1114112K
  class space    used 3647K, committed 3840K, reserved 1048576K
}
Event: 4.590 GC heap before
{Heap before GC invocations=12 (full 0):
 garbage-first heap   total 91136K, used 70660K [0x0000000080000000, 0x0000000100000000)
  region size 1024K, 44 young (45056K), 3 survivors (3072K)
 Metaspace       used 35199K, committed 35648K, reserved 1114112K
  class space    used 3784K, committed 3968K, reserved 1048576K
}
Event: 4.598 GC heap after
{Heap after GC invocations=13 (full 0):
 garbage-first heap   total 91136K, used 31557K [0x0000000080000000, 0x0000000100000000)
  region size 1024K, 6 young (6144K), 6 survivors (6144K)
 Metaspace       used 35199K, committed 35648K, reserved 1114112K
  class space    used 3784K, committed 3968K, reserved 1048576K
}
Event: 4.636 GC heap before
{Heap before GC invocations=13 (full 0):
 garbage-first heap   total 91136K, used 32581K [0x0000000080000000, 0x0000000100000000)
  region size 1024K, 8 young (8192K), 6 survivors (6144K)
 Metaspace       used 35582K, committed 35968K, reserved 1114112K
  class space    used 3831K, committed 4032K, reserved 1048576K
}
Event: 4.644 GC heap after
{Heap after GC invocations=14 (full 0):
 garbage-first heap   total 116736K, used 32087K [0x0000000080000000, 0x0000000100000000)
  region size 1024K, 4 young (4096K), 4 survivors (4096K)
 Metaspace       used 35582K, committed 35968K, reserved 1114112K
  class space    used 3831K, committed 4032K, reserved 1048576K
}
Event: 5.619 GC heap before
{Heap before GC invocations=15 (full 0):
 garbage-first heap   total 116736K, used 92503K [0x0000000080000000, 0x0000000100000000)
  region size 1024K, 63 young (64512K), 4 survivors (4096K)
 Metaspace       used 41353K, committed 41856K, reserved 1114112K
  class space    used 4413K, committed 4608K, reserved 1048576K
}
Event: 5.629 GC heap after
{Heap after GC invocations=16 (full 0):
 garbage-first heap   total 116736K, used 34667K [0x0000000080000000, 0x0000000100000000)
  region size 1024K, 6 young (6144K), 6 survivors (6144K)
 Metaspace       used 41353K, committed 41856K, reserved 1114112K
  class space    used 4413K, committed 4608K, reserved 1048576K
}
Event: 6.498 GC heap before
{Heap before GC invocations=16 (full 0):
 garbage-first heap   total 116736K, used 92011K [0x0000000080000000, 0x0000000100000000)
  region size 1024K, 62 young (63488K), 6 survivors (6144K)
 Metaspace       used 47407K, committed 47936K, reserved 1114112K
  class space    used 5127K, committed 5376K, reserved 1048576K
}
Event: 6.512 GC heap after
{Heap after GC invocations=17 (full 0):
 garbage-first heap   total 116736K, used 39085K [0x0000000080000000, 0x0000000100000000)
  region size 1024K, 8 young (8192K), 8 survivors (8192K)
 Metaspace       used 47407K, committed 47936K, reserved 1114112K
  class space    used 5127K, committed 5376K, reserved 1048576K
}
Event: 7.178 GC heap before
{Heap before GC invocations=17 (full 0):
 garbage-first heap   total 116736K, used 90285K [0x0000000080000000, 0x0000000100000000)
  region size 1024K, 58 young (59392K), 8 survivors (8192K)
 Metaspace       used 48309K, committed 48960K, reserved 1114112K
  class space    used 5199K, committed 5504K, reserved 1048576K
}
Event: 7.189 GC heap after
{Heap after GC invocations=18 (full 0):
 garbage-first heap   total 116736K, used 39309K [0x0000000080000000, 0x0000000100000000)
  region size 1024K, 2 young (2048K), 2 survivors (2048K)
 Metaspace       used 48309K, committed 48960K, reserved 1114112K
  class space    used 5199K, committed 5504K, reserved 1048576K
}
Event: 7.905 GC heap before
{Heap before GC invocations=18 (full 0):
 garbage-first heap   total 116736K, used 92557K [0x0000000080000000, 0x0000000100000000)
  region size 1024K, 54 young (55296K), 2 survivors (2048K)
 Metaspace       used 49240K, committed 49856K, reserved 1114112K
  class space    used 5269K, committed 5568K, reserved 1048576K
}
Event: 7.913 GC heap after
{Heap after GC invocations=19 (full 0):
 garbage-first heap   total 116736K, used 41621K [0x0000000080000000, 0x0000000100000000)
  region size 1024K, 4 young (4096K), 4 survivors (4096K)
 Metaspace       used 49240K, committed 49856K, reserved 1114112K
  class space    used 5269K, committed 5568K, reserved 1048576K
}
Event: 34.011 GC heap before
{Heap before GC invocations=19 (full 0):
 garbage-first heap   total 116736K, used 92821K [0x0000000080000000, 0x0000000100000000)
  region size 1024K, 54 young (55296K), 4 survivors (4096K)
 Metaspace       used 56260K, committed 57024K, reserved 1114112K
  class space    used 6247K, committed 6592K, reserved 1048576K
}
Event: 34.025 GC heap after
{Heap after GC invocations=20 (full 0):
 garbage-first heap   total 140288K, used 44580K [0x0000000080000000, 0x0000000100000000)
  region size 1024K, 7 young (7168K), 7 survivors (7168K)
 Metaspace       used 56260K, committed 57024K, reserved 1114112K
  class space    used 6247K, committed 6592K, reserved 1048576K
}

