# JRE version: OpenJDK Runtime Environment Temurin-17.0.14+7 (17.0.14+7) (build 17.0.14+7)
# Java VM: OpenJDK 64-Bit Server VM Temurin-17.0.14+7 (17.0.14+7, mixed mode, tiered, compressed oops, compressed class ptrs, g1 gc, windows-amd64)
GC Precious Log:
 CPUs: 4 total, 4 available
 Memory: 16383M
 Large Page Support: Disabled
 NUMA Support: Disabled
 Compressed Oops: Enabled (32-bit)
 Heap Region Size: 1M
 Heap Min Capacity: 8M
 Heap Initial Capacity: 256M
 Heap Max Capacity: 2G
 Pre-touch: Disabled
 Parallel Workers: 4
 Concurrent Workers: 1
 Concurrent Refinement Workers: 4
 Periodic GC: Disabled
Heap:
 garbage-first heap   total 149504K, used 84633K [0x0000000080000000, 0x0000000100000000)
  region size 1024K, 40 young (40960K), 6 survivors (6144K)
 Metaspace       used 63227K, committed 64192K, reserved 1114112K
  class space    used 6964K, committed 7424K, reserved 1048576K
GC Heap History (20 events):
Event: 8.456 GC heap before
{Heap before GC invocations=18 (full 0):
 garbage-first heap   total 123904K, used 98247K [0x0000000080000000, 0x0000000100000000)
  region size 1024K, 61 young (62464K), 6 survivors (6144K)
 Metaspace       used 50729K, committed 51392K, reserved 1114112K
  class space    used 5501K, committed 5824K, reserved 1048576K
}
Event: 8.467 GC heap after
{Heap after GC invocations=19 (full 0):
 garbage-first heap   total 123904K, used 43479K [0x0000000080000000, 0x0000000100000000)
  region size 1024K, 4 young (4096K), 4 survivors (4096K)
 Metaspace       used 50729K, committed 51392K, reserved 1114112K
  class space    used 5501K, committed 5824K, reserved 1048576K
}
Event: 12.729 GC heap before
{Heap before GC invocations=19 (full 0):
 garbage-first heap   total 123904K, used 100823K [0x0000000080000000, 0x0000000100000000)
  region size 1024K, 60 young (61440K), 4 survivors (4096K)
 Metaspace       used 58957K, committed 59712K, reserved 1114112K
  class space    used 6618K, committed 6976K, reserved 1048576K
}
Event: 12.741 GC heap after
{Heap after GC invocations=20 (full 0):
 garbage-first heap   total 149504K, used 46551K [0x0000000080000000, 0x0000000100000000)
  region size 1024K, 7 young (7168K), 7 survivors (7168K)
 Metaspace       used 58957K, committed 59712K, reserved 1114112K
  class space    used 6618K, committed 6976K, reserved 1048576K
}
Event: 14.986 GC heap before
{Heap before GC invocations=20 (full 0):
 garbage-first heap   total 149504K, used 66007K [0x0000000080000000, 0x0000000100000000)
  region size 1024K, 27 young (27648K), 7 survivors (7168K)
 Metaspace       used 59394K, committed 60160K, reserved 1114112K
  class space    used 6665K, committed 7040K, reserved 1048576K
}
Event: 14.994 GC heap after
{Heap after GC invocations=21 (full 0):
 garbage-first heap   total 149504K, used 48042K [0x0000000080000000, 0x0000000100000000)
  region size 1024K, 7 young (7168K), 7 survivors (7168K)
 Metaspace       used 59394K, committed 60160K, reserved 1114112K
  class space    used 6665K, committed 7040K, reserved 1048576K
}
Event: 38.777 GC heap before
{Heap before GC invocations=22 (full 0):
 garbage-first heap   total 149504K, used 122794K [0x0000000080000000, 0x0000000100000000)
  region size 1024K, 80 young (81920K), 7 survivors (7168K)
 Metaspace       used 60264K, committed 61184K, reserved 1114112K
  class space    used 6723K, committed 7168K, reserved 1048576K
}
Event: 38.783 GC heap after
{Heap after GC invocations=23 (full 0):
 garbage-first heap   total 149504K, used 49093K [0x0000000080000000, 0x0000000100000000)
  region size 1024K, 6 young (6144K), 6 survivors (6144K)
 Metaspace       used 60264K, committed 61184K, reserved 1114112K
  class space    used 6723K, committed 7168K, reserved 1048576K
}
Event: 42.870 GC heap before
{Heap before GC invocations=23 (full 0):
 garbage-first heap   total 149504K, used 122821K [0x0000000080000000, 0x0000000100000000)
  region size 1024K, 79 young (80896K), 6 survivors (6144K)
 Metaspace       used 61084K, committed 62016K, reserved 1114112K
  class space    used 6758K, committed 7168K, reserved 1048576K
}
Event: 42.876 GC heap after
{Heap after GC invocations=24 (full 0):
 garbage-first heap   total 149504K, used 49881K [0x0000000080000000, 0x0000000100000000)
  region size 1024K, 4 young (4096K), 4 survivors (4096K)
 Metaspace       used 61084K, committed 62016K, reserved 1114112K
  class space    used 6758K, committed 7168K, reserved 1048576K
}
Event: 51.038 GC heap before
{Heap before GC invocations=24 (full 0):
 garbage-first heap   total 149504K, used 124633K [0x0000000080000000, 0x0000000100000000)
  region size 1024K, 78 young (79872K), 4 survivors (4096K)
 Metaspace       used 61365K, committed 62272K, reserved 1114112K
  class space    used 6773K, committed 7232K, reserved 1048576K
}
Event: 51.042 GC heap after
{Heap after GC invocations=25 (full 0):
 garbage-first heap   total 149504K, used 50204K [0x0000000080000000, 0x0000000100000000)
  region size 1024K, 4 young (4096K), 4 survivors (4096K)
 Metaspace       used 61365K, committed 62272K, reserved 1114112K
  class space    used 6773K, committed 7232K, reserved 1048576K
}
Event: 55.554 GC heap before
{Heap before GC invocations=25 (full 0):
 garbage-first heap   total 149504K, used 124956K [0x0000000080000000, 0x0000000100000000)
  region size 1024K, 78 young (79872K), 4 survivors (4096K)
 Metaspace       used 61379K, committed 62336K, reserved 1114112K
  class space    used 6773K, committed 7232K, reserved 1048576K
}
Event: 55.558 GC heap after
{Heap after GC invocations=26 (full 0):
 garbage-first heap   total 149504K, used 50191K [0x0000000080000000, 0x0000000100000000)
  region size 1024K, 4 young (4096K), 4 survivors (4096K)
 Metaspace       used 61379K, committed 62336K, reserved 1114112K
  class space    used 6773K, committed 7232K, reserved 1048576K
}
Event: 59.964 GC heap before
{Heap before GC invocations=26 (full 0):
 garbage-first heap   total 149504K, used 126991K [0x0000000080000000, 0x0000000100000000)
  region size 1024K, 80 young (81920K), 4 survivors (4096K)
 Metaspace       used 61433K, committed 62336K, reserved 1114112K
  class space    used 6777K, committed 7232K, reserved 1048576K
}
Event: 59.969 GC heap after
{Heap after GC invocations=27 (full 0):
 garbage-first heap   total 149504K, used 51558K [0x0000000080000000, 0x0000000100000000)
  region size 1024K, 5 young (5120K), 5 survivors (5120K)
 Metaspace       used 61433K, committed 62336K, reserved 1114112K
  class space    used 6777K, committed 7232K, reserved 1048576K
}
Event: 67.160 GC heap before
{Heap before GC invocations=27 (full 0):
 garbage-first heap   total 149504K, used 128358K [0x0000000080000000, 0x0000000100000000)
  region size 1024K, 80 young (81920K), 5 survivors (5120K)
 Metaspace       used 62940K, committed 63936K, reserved 1114112K
  class space    used 6951K, committed 7424K, reserved 1048576K
}
Event: 67.166 GC heap after
{Heap after GC invocations=28 (full 0):
 garbage-first heap   total 149504K, used 51392K [0x0000000080000000, 0x0000000100000000)
  region size 1024K, 5 young (5120K), 5 survivors (5120K)
 Metaspace       used 62940K, committed 63936K, reserved 1114112K
  class space    used 6951K, committed 7424K, reserved 1048576K
}
Event: 85.498 GC heap before
{Heap before GC invocations=28 (full 0):
 garbage-first heap   total 149504K, used 126144K [0x0000000080000000, 0x0000000100000000)
  region size 1024K, 79 young (80896K), 5 survivors (5120K)
 Metaspace       used 63212K, committed 64192K, reserved 1114112K
  class space    used 6964K, committed 7424K, reserved 1048576K
}
Event: 85.503 GC heap after
{Heap after GC invocations=29 (full 0):
 garbage-first heap   total 149504K, used 51865K [0x0000000080000000, 0x0000000100000000)
  region size 1024K, 6 young (6144K), 6 survivors (6144K)
 Metaspace       used 63212K, committed 64192K, reserved 1114112K
  class space    used 6964K, committed 7424K, reserved 1048576K
}

