# JRE version: OpenJDK Runtime Environment Temurin-17.0.14+7 (17.0.14+7) (build 17.0.14+7)
# Java VM: OpenJDK 64-Bit Server VM Temurin-17.0.14+7 (17.0.14+7, mixed mode, tiered, compressed oops, compressed class ptrs, g1 gc, windows-amd64)
GC Precious Log:
 CPUs: 4 total, 4 available
 Memory: 16383M
 Large Page Support: Disabled
 NUMA Support: Disabled
 Compressed Oops: Enabled (32-bit)
 Heap Region Size: 1M
 Heap Min Capacity: 8M
 Heap Initial Capacity: 256M
 Heap Max Capacity: 2G
 Pre-touch: Disabled
 Parallel Workers: 4
 Concurrent Workers: 1
 Concurrent Refinement Workers: 4
 Periodic GC: Disabled
Heap:
 garbage-first heap   total 149504K, used 114525K [0x0000000080000000, 0x0000000100000000)
  region size 1024K, 67 young (68608K), 2 survivors (2048K)
 Metaspace       used 62173K, committed 63168K, reserved 1114112K
  class space    used 6916K, committed 7424K, reserved 1048576K
GC Heap History (20 events):
Event: 5.926 GC heap before
{Heap before GC invocations=15 (full 0):
 garbage-first heap   total 95232K, used 75440K [0x0000000080000000, 0x0000000100000000)
  region size 1024K, 45 young (46080K), 5 survivors (5120K)
 Metaspace       used 41739K, committed 42240K, reserved 1114112K
  class space    used 4454K, committed 4672K, reserved 1048576K
}
Event: 5.935 GC heap after
{Heap after GC invocations=16 (full 0):
 garbage-first heap   total 123904K, used 36506K [0x0000000080000000, 0x0000000100000000)
  region size 1024K, 4 young (4096K), 4 survivors (4096K)
 Metaspace       used 41739K, committed 42240K, reserved 1114112K
  class space    used 4454K, committed 4672K, reserved 1048576K
}
Event: 7.006 GC heap before
{Heap before GC invocations=16 (full 0):
 garbage-first heap   total 123904K, used 97946K [0x0000000080000000, 0x0000000100000000)
  region size 1024K, 64 young (65536K), 4 survivors (4096K)
 Metaspace       used 48074K, committed 48640K, reserved 1114112K
  class space    used 5202K, committed 5504K, reserved 1048576K
}
Event: 7.018 GC heap after
{Heap after GC invocations=17 (full 0):
 garbage-first heap   total 123904K, used 40431K [0x0000000080000000, 0x0000000100000000)
  region size 1024K, 8 young (8192K), 8 survivors (8192K)
 Metaspace       used 48074K, committed 48640K, reserved 1114112K
  class space    used 5202K, committed 5504K, reserved 1048576K
}
Event: 8.199 GC heap before
{Heap before GC invocations=17 (full 0):
 garbage-first heap   total 123904K, used 97775K [0x0000000080000000, 0x0000000100000000)
  region size 1024K, 64 young (65536K), 8 survivors (8192K)
 Metaspace       used 48817K, committed 49472K, reserved 1114112K
  class space    used 5211K, committed 5504K, reserved 1048576K
}
Event: 8.210 GC heap after
{Heap after GC invocations=18 (full 0):
 garbage-first heap   total 123904K, used 41255K [0x0000000080000000, 0x0000000100000000)
  region size 1024K, 5 young (5120K), 5 survivors (5120K)
 Metaspace       used 48817K, committed 49472K, reserved 1114112K
  class space    used 5211K, committed 5504K, reserved 1048576K
}
Event: 8.843 GC heap before
{Heap before GC invocations=18 (full 0):
 garbage-first heap   total 123904K, used 98599K [0x0000000080000000, 0x0000000100000000)
  region size 1024K, 61 young (62464K), 5 survivors (5120K)
 Metaspace       used 49676K, committed 50368K, reserved 1114112K
  class space    used 5290K, committed 5632K, reserved 1048576K
}
Event: 8.852 GC heap after
{Heap after GC invocations=19 (full 0):
 garbage-first heap   total 123904K, used 42614K [0x0000000080000000, 0x0000000100000000)
  region size 1024K, 3 young (3072K), 3 survivors (3072K)
 Metaspace       used 49676K, committed 50368K, reserved 1114112K
  class space    used 5290K, committed 5632K, reserved 1048576K
}
Event: 11.724 GC heap before
{Heap before GC invocations=19 (full 0):
 garbage-first heap   total 123904K, used 99958K [0x0000000080000000, 0x0000000100000000)
  region size 1024K, 59 young (60416K), 3 survivors (3072K)
 Metaspace       used 54731K, committed 55424K, reserved 1114112K
  class space    used 5968K, committed 6336K, reserved 1048576K
}
Event: 11.734 GC heap after
{Heap after GC invocations=20 (full 0):
 garbage-first heap   total 123904K, used 45315K [0x0000000080000000, 0x0000000100000000)
  region size 1024K, 6 young (6144K), 6 survivors (6144K)
 Metaspace       used 54731K, committed 55424K, reserved 1114112K
  class space    used 5968K, committed 6336K, reserved 1048576K
}
Event: 16.184 GC heap before
{Heap before GC invocations=20 (full 0):
 garbage-first heap   total 123904K, used 98563K [0x0000000080000000, 0x0000000100000000)
  region size 1024K, 59 young (60416K), 6 survivors (6144K)
 Metaspace       used 59484K, committed 60288K, reserved 1114112K
  class space    used 6643K, committed 7040K, reserved 1048576K
}
Event: 16.197 GC heap after
{Heap after GC invocations=21 (full 0):
 garbage-first heap   total 123904K, used 47586K [0x0000000080000000, 0x0000000100000000)
  region size 1024K, 6 young (6144K), 6 survivors (6144K)
 Metaspace       used 59484K, committed 60288K, reserved 1114112K
  class space    used 6643K, committed 7040K, reserved 1048576K
}
Event: 18.117 GC heap before
{Heap before GC invocations=21 (full 0):
 garbage-first heap   total 123904K, used 48610K [0x0000000080000000, 0x0000000100000000)
  region size 1024K, 8 young (8192K), 6 survivors (6144K)
 Metaspace       used 59521K, committed 60288K, reserved 1114112K
  class space    used 6650K, committed 7040K, reserved 1048576K
}
Event: 18.125 GC heap after
{Heap after GC invocations=22 (full 0):
 garbage-first heap   total 123904K, used 47893K [0x0000000080000000, 0x0000000100000000)
  region size 1024K, 3 young (3072K), 3 survivors (3072K)
 Metaspace       used 59521K, committed 60288K, reserved 1114112K
  class space    used 6650K, committed 7040K, reserved 1048576K
}
Event: 38.266 GC heap before
{Heap before GC invocations=23 (full 0):
 garbage-first heap   total 123904K, used 100117K [0x0000000080000000, 0x0000000100000000)
  region size 1024K, 55 young (56320K), 3 survivors (3072K)
 Metaspace       used 60418K, committed 61248K, reserved 1114112K
  class space    used 6723K, committed 7104K, reserved 1048576K
}
Event: 38.273 GC heap after
{Heap after GC invocations=24 (full 0):
 garbage-first heap   total 123904K, used 48522K [0x0000000080000000, 0x0000000100000000)
  region size 1024K, 4 young (4096K), 4 survivors (4096K)
 Metaspace       used 60418K, committed 61248K, reserved 1114112K
  class space    used 6723K, committed 7104K, reserved 1048576K
}
Event: 38.402 GC heap before
{Heap before GC invocations=24 (full 0):
 garbage-first heap   total 123904K, used 49546K [0x0000000080000000, 0x0000000100000000)
  region size 1024K, 6 young (6144K), 4 survivors (4096K)
 Metaspace       used 60424K, committed 61248K, reserved 1114112K
  class space    used 6723K, committed 7104K, reserved 1048576K
}
Event: 38.411 GC heap after
{Heap after GC invocations=25 (full 0):
 garbage-first heap   total 123904K, used 48547K [0x0000000080000000, 0x0000000100000000)
  region size 1024K, 1 young (1024K), 1 survivors (1024K)
 Metaspace       used 60424K, committed 61248K, reserved 1114112K
  class space    used 6723K, committed 7104K, reserved 1048576K
}
Event: 39.644 GC heap before
{Heap before GC invocations=25 (full 0):
 garbage-first heap   total 123904K, used 101795K [0x0000000080000000, 0x0000000100000000)
  region size 1024K, 53 young (54272K), 1 survivors (1024K)
 Metaspace       used 61822K, committed 62720K, reserved 1114112K
  class space    used 6899K, committed 7360K, reserved 1048576K
}
Event: 39.648 GC heap after
{Heap after GC invocations=26 (full 0):
 garbage-first heap   total 149504K, used 48989K [0x0000000080000000, 0x0000000100000000)
  region size 1024K, 2 young (2048K), 2 survivors (2048K)
 Metaspace       used 61822K, committed 62720K, reserved 1114112K
  class space    used 6899K, committed 7360K, reserved 1048576K
}

