# JRE version: OpenJDK Runtime Environment Temurin-17.0.14+7 (17.0.14+7) (build 17.0.14+7)
# Java VM: OpenJDK 64-Bit Server VM Temurin-17.0.14+7 (17.0.14+7, mixed mode, tiered, compressed oops, compressed class ptrs, g1 gc, windows-amd64)
GC Precious Log:
 CPUs: 4 total, 4 available
 Memory: 16383M
 Large Page Support: Disabled
 NUMA Support: Disabled
 Compressed Oops: Enabled (32-bit)
 Heap Region Size: 1M
 Heap Min Capacity: 8M
 Heap Initial Capacity: 256M
 Heap Max Capacity: 2G
 Pre-touch: Disabled
 Parallel Workers: 4
 Concurrent Workers: 1
 Concurrent Refinement Workers: 4
 Periodic GC: Disabled
Heap:
 garbage-first heap   total 112640K, used 75500K [0x0000000080000000, 0x0000000100000000)
  region size 1024K, 30 young (30720K), 3 survivors (3072K)
 Metaspace       used 61716K, committed 62656K, reserved 1114112K
  class space    used 6904K, committed 7360K, reserved 1048576K
GC Heap History (20 events):
Event: 4.388 GC heap before
{Heap before GC invocations=13 (full 0):
 garbage-first heap   total 91136K, used 33514K [0x0000000080000000, 0x0000000100000000)
  region size 1024K, 9 young (9216K), 6 survivors (6144K)
 Metaspace       used 35595K, committed 35968K, reserved 1114112K
  class space    used 3831K, committed 4032K, reserved 1048576K
}
Event: 4.396 GC heap after
{Heap after GC invocations=14 (full 0):
 garbage-first heap   total 125952K, used 31536K [0x0000000080000000, 0x0000000100000000)
  region size 1024K, 3 young (3072K), 3 survivors (3072K)
 Metaspace       used 35595K, committed 35968K, reserved 1114112K
  class space    used 3831K, committed 4032K, reserved 1048576K
}
Event: 5.464 GC heap before
{Heap before GC invocations=15 (full 0):
 garbage-first heap   total 112640K, used 96048K [0x0000000080000000, 0x0000000100000000)
  region size 1024K, 66 young (67584K), 3 survivors (3072K)
 Metaspace       used 41444K, committed 41920K, reserved 1114112K
  class space    used 4416K, committed 4608K, reserved 1048576K
}
Event: 5.473 GC heap after
{Heap after GC invocations=16 (full 0):
 garbage-first heap   total 112640K, used 34674K [0x0000000080000000, 0x0000000100000000)
  region size 1024K, 6 young (6144K), 6 survivors (6144K)
 Metaspace       used 41444K, committed 41920K, reserved 1114112K
  class space    used 4416K, committed 4608K, reserved 1048576K
}
Event: 6.282 GC heap before
{Heap before GC invocations=16 (full 0):
 garbage-first heap   total 112640K, used 89970K [0x0000000080000000, 0x0000000100000000)
  region size 1024K, 60 young (61440K), 6 survivors (6144K)
 Metaspace       used 47419K, committed 48000K, reserved 1114112K
  class space    used 5125K, committed 5376K, reserved 1048576K
}
Event: 6.295 GC heap after
{Heap after GC invocations=17 (full 0):
 garbage-first heap   total 112640K, used 39581K [0x0000000080000000, 0x0000000100000000)
  region size 1024K, 8 young (8192K), 8 survivors (8192K)
 Metaspace       used 47419K, committed 48000K, reserved 1114112K
  class space    used 5125K, committed 5376K, reserved 1048576K
}
Event: 6.836 GC heap before
{Heap before GC invocations=17 (full 0):
 garbage-first heap   total 112640K, used 90781K [0x0000000080000000, 0x0000000100000000)
  region size 1024K, 58 young (59392K), 8 survivors (8192K)
 Metaspace       used 48607K, committed 49216K, reserved 1114112K
  class space    used 5254K, committed 5568K, reserved 1048576K
}
Event: 6.848 GC heap after
{Heap after GC invocations=18 (full 0):
 garbage-first heap   total 112640K, used 40847K [0x0000000080000000, 0x0000000100000000)
  region size 1024K, 3 young (3072K), 3 survivors (3072K)
 Metaspace       used 48607K, committed 49216K, reserved 1114112K
  class space    used 5254K, committed 5568K, reserved 1048576K
}
Event: 7.892 GC heap before
{Heap before GC invocations=18 (full 0):
 garbage-first heap   total 112640K, used 91023K [0x0000000080000000, 0x0000000100000000)
  region size 1024K, 52 young (53248K), 3 survivors (3072K)
 Metaspace       used 52622K, committed 53248K, reserved 1114112K
  class space    used 5750K, committed 6016K, reserved 1048576K
}
Event: 7.902 GC heap after
{Heap after GC invocations=19 (full 0):
 garbage-first heap   total 112640K, used 43608K [0x0000000080000000, 0x0000000100000000)
  region size 1024K, 6 young (6144K), 6 survivors (6144K)
 Metaspace       used 52622K, committed 53248K, reserved 1114112K
  class space    used 5750K, committed 6016K, reserved 1048576K
}
Event: 11.589 GC heap before
{Heap before GC invocations=19 (full 0):
 garbage-first heap   total 112640K, used 90712K [0x0000000080000000, 0x0000000100000000)
  region size 1024K, 52 young (53248K), 6 survivors (6144K)
 Metaspace       used 58480K, committed 59328K, reserved 1114112K
  class space    used 6582K, committed 6976K, reserved 1048576K
}
Event: 11.599 GC heap after
{Heap after GC invocations=20 (full 0):
 garbage-first heap   total 112640K, used 46092K [0x0000000080000000, 0x0000000100000000)
  region size 1024K, 6 young (6144K), 6 survivors (6144K)
 Metaspace       used 58480K, committed 59328K, reserved 1114112K
  class space    used 6582K, committed 6976K, reserved 1048576K
}
Event: 45.269 GC heap before
{Heap before GC invocations=20 (full 0):
 garbage-first heap   total 112640K, used 88076K [0x0000000080000000, 0x0000000100000000)
  region size 1024K, 49 young (50176K), 6 survivors (6144K)
 Metaspace       used 59651K, committed 60480K, reserved 1114112K
  class space    used 6719K, committed 7104K, reserved 1048576K
}
Event: 45.281 GC heap after
{Heap after GC invocations=21 (full 0):
 garbage-first heap   total 112640K, used 47852K [0x0000000080000000, 0x0000000100000000)
  region size 1024K, 4 young (4096K), 4 survivors (4096K)
 Metaspace       used 59651K, committed 60480K, reserved 1114112K
  class space    used 6719K, committed 7104K, reserved 1048576K
}
Event: 46.520 GC heap before
{Heap before GC invocations=22 (full 0):
 garbage-first heap   total 112640K, used 92908K [0x0000000080000000, 0x0000000100000000)
  region size 1024K, 48 young (49152K), 4 survivors (4096K)
 Metaspace       used 61098K, committed 61952K, reserved 1114112K
  class space    used 6875K, committed 7296K, reserved 1048576K
}
Event: 46.534 GC heap after
{Heap after GC invocations=23 (full 0):
 garbage-first heap   total 112640K, used 48876K [0x0000000080000000, 0x0000000100000000)
  region size 1024K, 3 young (3072K), 3 survivors (3072K)
 Metaspace       used 61098K, committed 61952K, reserved 1114112K
  class space    used 6875K, committed 7296K, reserved 1048576K
}
Event: 47.455 GC heap before
{Heap before GC invocations=23 (full 0):
 garbage-first heap   total 112640K, used 93932K [0x0000000080000000, 0x0000000100000000)
  region size 1024K, 47 young (48128K), 3 survivors (3072K)
 Metaspace       used 61379K, committed 62336K, reserved 1114112K
  class space    used 6887K, committed 7360K, reserved 1048576K
}
Event: 47.462 GC heap after
{Heap after GC invocations=24 (full 0):
 garbage-first heap   total 112640K, used 48876K [0x0000000080000000, 0x0000000100000000)
  region size 1024K, 3 young (3072K), 3 survivors (3072K)
 Metaspace       used 61379K, committed 62336K, reserved 1114112K
  class space    used 6887K, committed 7360K, reserved 1048576K
}
Event: 48.298 GC heap before
{Heap before GC invocations=24 (full 0):
 garbage-first heap   total 112640K, used 94956K [0x0000000080000000, 0x0000000100000000)
  region size 1024K, 48 young (49152K), 3 survivors (3072K)
 Metaspace       used 61594K, committed 62592K, reserved 1114112K
  class space    used 6897K, committed 7360K, reserved 1048576K
}
Event: 48.306 GC heap after
{Heap after GC invocations=25 (full 0):
 garbage-first heap   total 112640K, used 48876K [0x0000000080000000, 0x0000000100000000)
  region size 1024K, 3 young (3072K), 3 survivors (3072K)
 Metaspace       used 61594K, committed 62592K, reserved 1114112K
  class space    used 6897K, committed 7360K, reserved 1048576K
}

