# JRE version: OpenJDK Runtime Environment Temurin-17.0.14+7 (17.0.14+7) (build 17.0.14+7)
# Java VM: OpenJDK 64-Bit Server VM Temurin-17.0.14+7 (17.0.14+7, mixed mode, tiered, compressed oops, compressed class ptrs, g1 gc, windows-amd64)
GC Precious Log:
 CPUs: 4 total, 4 available
 Memory: 16383M
 Large Page Support: Disabled
 NUMA Support: Disabled
 Compressed Oops: Enabled (32-bit)
 Heap Region Size: 1M
 Heap Min Capacity: 8M
 Heap Initial Capacity: 256M
 Heap Max Capacity: 2G
 Pre-touch: Disabled
 Parallel Workers: 4
 Concurrent Workers: 1
 Concurrent Refinement Workers: 4
 Periodic GC: Disabled
Heap:
 garbage-first heap   total 132096K, used 81509K [0x0000000080000000, 0x0000000100000000)
  region size 1024K, 44 young (45056K), 7 survivors (7168K)
 Metaspace       used 58717K, committed 59520K, reserved 1114112K
  class space    used 6592K, committed 6976K, reserved 1048576K
GC Heap History (20 events):
Event: 3.766 GC heap before
{Heap before GC invocations=9 (full 0):
 garbage-first heap   total 75776K, used 58981K [0x0000000080000000, 0x0000000100000000)
  region size 1024K, 34 young (34816K), 5 survivors (5120K)
 Metaspace       used 33153K, committed 33536K, reserved 1114112K
  class space    used 3602K, committed 3776K, reserved 1048576K
}
Event: 3.772 GC heap after
{Heap after GC invocations=10 (full 0):
 garbage-first heap   total 91136K, used 26713K [0x0000000080000000, 0x0000000100000000)
  region size 1024K, 1 young (1024K), 1 survivors (1024K)
 Metaspace       used 33153K, committed 33536K, reserved 1114112K
  class space    used 3602K, committed 3776K, reserved 1048576K
}
Event: 3.858 GC heap before
{Heap before GC invocations=10 (full 0):
 garbage-first heap   total 91136K, used 67673K [0x0000000080000000, 0x0000000100000000)
  region size 1024K, 41 young (41984K), 1 survivors (1024K)
 Metaspace       used 33270K, committed 33664K, reserved 1114112K
  class space    used 3612K, committed 3776K, reserved 1048576K
}
Event: 3.861 GC heap after
{Heap after GC invocations=11 (full 0):
 garbage-first heap   total 91136K, used 26853K [0x0000000080000000, 0x0000000100000000)
  region size 1024K, 1 young (1024K), 1 survivors (1024K)
 Metaspace       used 33270K, committed 33664K, reserved 1114112K
  class space    used 3612K, committed 3776K, reserved 1048576K
}
Event: 4.246 GC heap before
{Heap before GC invocations=11 (full 0):
 garbage-first heap   total 91136K, used 69861K [0x0000000080000000, 0x0000000100000000)
  region size 1024K, 43 young (44032K), 1 survivors (1024K)
 Metaspace       used 33685K, committed 34112K, reserved 1114112K
  class space    used 3649K, committed 3840K, reserved 1048576K
}
Event: 4.251 GC heap after
{Heap after GC invocations=12 (full 0):
 garbage-first heap   total 91136K, used 28528K [0x0000000080000000, 0x0000000100000000)
  region size 1024K, 3 young (3072K), 3 survivors (3072K)
 Metaspace       used 33685K, committed 34112K, reserved 1114112K
  class space    used 3649K, committed 3840K, reserved 1048576K
}
Event: 4.494 GC heap before
{Heap before GC invocations=12 (full 0):
 garbage-first heap   total 91136K, used 70512K [0x0000000080000000, 0x0000000100000000)
  region size 1024K, 44 young (45056K), 3 survivors (3072K)
 Metaspace       used 34983K, committed 35456K, reserved 1114112K
  class space    used 3764K, committed 3968K, reserved 1048576K
}
Event: 4.502 GC heap after
{Heap after GC invocations=13 (full 0):
 garbage-first heap   total 91136K, used 31400K [0x0000000080000000, 0x0000000100000000)
  region size 1024K, 6 young (6144K), 6 survivors (6144K)
 Metaspace       used 34983K, committed 35456K, reserved 1114112K
  class space    used 3764K, committed 3968K, reserved 1048576K
}
Event: 4.585 GC heap before
{Heap before GC invocations=13 (full 0):
 garbage-first heap   total 91136K, used 34472K [0x0000000080000000, 0x0000000100000000)
  region size 1024K, 10 young (10240K), 6 survivors (6144K)
 Metaspace       used 35583K, committed 35968K, reserved 1114112K
  class space    used 3831K, committed 4032K, reserved 1048576K
}
Event: 4.592 GC heap after
{Heap after GC invocations=14 (full 0):
 garbage-first heap   total 114688K, used 31552K [0x0000000080000000, 0x0000000100000000)
  region size 1024K, 3 young (3072K), 3 survivors (3072K)
 Metaspace       used 35583K, committed 35968K, reserved 1114112K
  class space    used 3831K, committed 4032K, reserved 1048576K
}
Event: 5.497 GC heap before
{Heap before GC invocations=15 (full 0):
 garbage-first heap   total 109568K, used 90944K [0x0000000080000000, 0x0000000100000000)
  region size 1024K, 61 young (62464K), 3 survivors (3072K)
 Metaspace       used 41333K, committed 41856K, reserved 1114112K
  class space    used 4435K, committed 4672K, reserved 1048576K
}
Event: 5.506 GC heap after
{Heap after GC invocations=16 (full 0):
 garbage-first heap   total 109568K, used 34263K [0x0000000080000000, 0x0000000100000000)
  region size 1024K, 6 young (6144K), 6 survivors (6144K)
 Metaspace       used 41333K, committed 41856K, reserved 1114112K
  class space    used 4435K, committed 4672K, reserved 1048576K
}
Event: 6.364 GC heap before
{Heap before GC invocations=16 (full 0):
 garbage-first heap   total 109568K, used 85463K [0x0000000080000000, 0x0000000100000000)
  region size 1024K, 56 young (57344K), 6 survivors (6144K)
 Metaspace       used 46550K, committed 47104K, reserved 1114112K
  class space    used 5027K, committed 5248K, reserved 1048576K
}
Event: 6.376 GC heap after
{Heap after GC invocations=17 (full 0):
 garbage-first heap   total 109568K, used 37882K [0x0000000080000000, 0x0000000100000000)
  region size 1024K, 7 young (7168K), 7 survivors (7168K)
 Metaspace       used 46550K, committed 47104K, reserved 1114112K
  class space    used 5027K, committed 5248K, reserved 1048576K
}
Event: 7.182 GC heap before
{Heap before GC invocations=17 (full 0):
 garbage-first heap   total 109568K, used 87034K [0x0000000080000000, 0x0000000100000000)
  region size 1024K, 55 young (56320K), 7 survivors (7168K)
 Metaspace       used 48403K, committed 49088K, reserved 1114112K
  class space    used 5211K, committed 5568K, reserved 1048576K
}
Event: 7.192 GC heap after
{Heap after GC invocations=18 (full 0):
 garbage-first heap   total 109568K, used 39071K [0x0000000080000000, 0x0000000100000000)
  region size 1024K, 5 young (5120K), 5 survivors (5120K)
 Metaspace       used 48403K, committed 49088K, reserved 1114112K
  class space    used 5211K, committed 5568K, reserved 1048576K
}
Event: 7.719 GC heap before
{Heap before GC invocations=18 (full 0):
 garbage-first heap   total 109568K, used 88223K [0x0000000080000000, 0x0000000100000000)
  region size 1024K, 53 young (54272K), 5 survivors (5120K)
 Metaspace       used 49257K, committed 49984K, reserved 1114112K
  class space    used 5285K, committed 5632K, reserved 1048576K
}
Event: 7.729 GC heap after
{Heap after GC invocations=19 (full 0):
 garbage-first heap   total 109568K, used 41493K [0x0000000080000000, 0x0000000100000000)
  region size 1024K, 4 young (4096K), 4 survivors (4096K)
 Metaspace       used 49257K, committed 49984K, reserved 1114112K
  class space    used 5285K, committed 5632K, reserved 1048576K
}
Event: 10.377 GC heap before
{Heap before GC invocations=19 (full 0):
 garbage-first heap   total 109568K, used 89621K [0x0000000080000000, 0x0000000100000000)
  region size 1024K, 51 young (52224K), 4 survivors (4096K)
 Metaspace       used 55693K, committed 56384K, reserved 1114112K
  class space    used 6175K, committed 6464K, reserved 1048576K
}
Event: 10.389 GC heap after
{Heap after GC invocations=20 (full 0):
 garbage-first heap   total 132096K, used 44645K [0x0000000080000000, 0x0000000100000000)
  region size 1024K, 7 young (7168K), 7 survivors (7168K)
 Metaspace       used 55693K, committed 56384K, reserved 1114112K
  class space    used 6175K, committed 6464K, reserved 1048576K
}

